2019-04-14 23:43:59 INFO  JavaRushTasksProjectComponent.projectOpened(74) - ---------- Project JavaRushTasks opened ----------
2019-04-14 23:43:59 INFO  JavaRushTasksProjectComponent.projectOpened(75) - ---------- Version 3.29 ----------

2019-04-14 23:43:59 INFO  JavaRushTasksProjectComponent.setAutoscrolls(364) - Autoscrolls успешно установлены
2019-04-14 23:44:00 INFO  ApacheHttpClient.login(235) - Ожидание ответа сервера.
2019-04-14 23:44:00 INFO  ApacheHttpClient.login(239) - responseCode = 200
2019-04-14 23:44:00 INFO  ApacheHttpClient.login(270) - JSESSIONID OK
2019-04-14 23:44:00 INFO  ApacheHttpClient.refreshUserInfo(298) - responseCode = 200
2019-04-14 23:44:00 INFO  ApacheHttpClient.refreshUserInfo(304) - Информация о пользователе получена.
2019-04-14 23:44:00 INFO  ApacheHttpClient.startGA(33) - GAService запущен.
2019-04-14 23:44:00 INFO  AbstractRestApiClient.startService(70) - EventsService запущен.
2019-04-14 23:46:02 INFO  InfoPanel.getQuestHtmlByVF(152) - Создана панель для квеста 2.JavaCore
2019-04-14 23:51:08 INFO  ApacheHttpClient.getWebResourceAsStream(494) - responseCode = 200
2019-04-14 23:51:10 INFO  ApacheHttpClient.getFilteredTasks(331) - responseCode = 200
2019-04-14 23:51:23 INFO  ApacheHttpClient.getFilteredTasks(331) - responseCode = 200
2019-04-14 23:51:23 INFO  ApacheHttpClient.getTaskTemplateInfo(348) - responseCode = 200
2019-04-14 23:51:26 INFO  ApacheHttpClient.testConnection(190) - responseCode = 200
2019-04-14 23:51:26 INFO  ApacheHttpClient.testConnection(205) - result = true
2019-04-14 23:51:27 INFO  ApacheHttpClient.testConnection(190) - responseCode = 200
2019-04-14 23:51:27 INFO  ApacheHttpClient.testConnection(205) - result = true
2019-04-14 23:51:28 INFO  ApacheHttpClient.getWebResourceAsStream(494) - responseCode = 200
2019-04-14 23:52:00 INFO  ApacheHttpClient.sendEvent(527) - responseCode = 200
2019-04-14 23:53:00 INFO  ApacheHttpClient.sendEvent(527) - responseCode = 200
2019-04-14 23:54:00 INFO  ApacheHttpClient.sendEvent(527) - responseCode = 200
2019-04-14 23:55:00 INFO  ApacheHttpClient.sendEvent(527) - responseCode = 200
2019-04-14 23:56:00 INFO  ApacheHttpClient.sendEvent(527) - responseCode = 200
2019-04-14 23:57:00 INFO  ApacheHttpClient.sendEvent(527) - responseCode = 200
2019-04-14 23:58:00 INFO  ApacheHttpClient.sendEvent(527) - responseCode = 200
2019-04-14 23:59:00 INFO  ApacheHttpClient.sendEvent(527) - responseCode = 200
2019-04-15 00:00:00 INFO  ApacheHttpClient.sendEvent(527) - responseCode = 200
2019-04-15 00:01:00 INFO  ApacheHttpClient.sendEvent(527) - responseCode = 200
2019-04-15 00:02:00 INFO  ApacheHttpClient.sendEvent(527) - responseCode = 200
2019-04-15 00:03:00 INFO  ApacheHttpClient.sendEvent(527) - responseCode = 200
2019-04-15 00:04:00 INFO  ApacheHttpClient.sendEvent(527) - responseCode = 200
2019-04-15 00:05:00 INFO  ApacheHttpClient.sendEvent(527) - responseCode = 200
2019-04-15 00:06:00 INFO  ApacheHttpClient.sendEvent(527) - responseCode = 200
2019-04-15 00:07:00 INFO  ApacheHttpClient.sendEvent(527) - responseCode = 200
2019-04-15 00:08:00 INFO  ApacheHttpClient.sendEvent(527) - responseCode = 200
2019-04-15 00:09:00 INFO  ApacheHttpClient.sendEvent(527) - responseCode = 200
2019-04-15 00:10:00 INFO  ApacheHttpClient.sendEvent(527) - responseCode = 200
2019-04-15 00:11:00 INFO  ApacheHttpClient.sendEvent(527) - responseCode = 200
2019-04-15 00:12:00 INFO  ApacheHttpClient.sendEvent(527) - responseCode = 200
2019-04-15 00:13:00 INFO  ApacheHttpClient.sendEvent(527) - responseCode = 200
2019-04-15 00:14:00 INFO  ApacheHttpClient.sendEvent(527) - responseCode = 200
2019-04-15 00:15:00 INFO  ApacheHttpClient.sendEvent(527) - responseCode = 200
2019-04-15 00:16:00 INFO  ApacheHttpClient.sendEvent(527) - responseCode = 200
2019-04-15 00:17:00 INFO  ApacheHttpClient.sendEvent(527) - responseCode = 200
2019-04-15 00:18:00 INFO  ApacheHttpClient.sendEvent(527) - responseCode = 200
2019-04-15 00:19:00 INFO  ApacheHttpClient.sendEvent(527) - responseCode = 200
2019-04-15 00:20:00 INFO  ApacheHttpClient.sendEvent(527) - responseCode = 200
2019-04-15 00:21:00 INFO  ApacheHttpClient.sendEvent(527) - responseCode = 200
2019-04-15 00:22:00 INFO  ApacheHttpClient.sendEvent(527) - responseCode = 200
2019-04-15 00:23:00 INFO  ApacheHttpClient.sendEvent(527) - responseCode = 200
2019-04-15 00:23:13 INFO  ApacheHttpClient.getWebResourceAsStream(494) - responseCode = 200
2019-04-15 00:23:14 INFO  ApacheHttpClient.getFilteredTasks(331) - responseCode = 200
2019-04-15 00:23:22 INFO  ApacheHttpClient.getFilteredTasks(331) - responseCode = 200
2019-04-15 00:23:45 INFO  ApacheHttpClient.getFilteredTasks(331) - responseCode = 200
2019-04-15 00:23:48 INFO  ApacheHttpClient.getTaskTemplateInfo(348) - responseCode = 200
2019-04-15 00:23:50 INFO  ApacheHttpClient.testConnection(190) - responseCode = 200
2019-04-15 00:23:50 INFO  ApacheHttpClient.testConnection(205) - result = true
2019-04-15 00:23:52 INFO  ApacheHttpClient.testConnection(190) - responseCode = 200
2019-04-15 00:23:52 INFO  ApacheHttpClient.testConnection(205) - result = true
2019-04-15 00:23:52 INFO  ApacheHttpClient.getWebResourceAsStream(494) - responseCode = 200
2019-04-15 00:23:53 INFO  ApacheHttpClient.getTaskTemplateInfo(348) - responseCode = 200
2019-04-15 00:23:54 INFO  ApacheHttpClient.testConnection(190) - responseCode = 200
2019-04-15 00:23:54 INFO  ApacheHttpClient.testConnection(205) - result = true
2019-04-15 00:23:56 INFO  ApacheHttpClient.testConnection(190) - responseCode = 200
2019-04-15 00:23:56 INFO  ApacheHttpClient.testConnection(205) - result = true
2019-04-15 00:23:56 INFO  ApacheHttpClient.getWebResourceAsStream(494) - responseCode = 200
2019-04-15 00:24:00 INFO  ApacheHttpClient.sendEvent(527) - responseCode = 200
2019-04-15 00:24:09 INFO  ApacheHttpClient.testConnection(190) - responseCode = 200
2019-04-15 00:24:09 INFO  ApacheHttpClient.testConnection(205) - result = true
2019-04-15 00:24:19 INFO  ApacheHttpClient.testConnection(190) - responseCode = 200
2019-04-15 00:24:19 INFO  ApacheHttpClient.testConnection(205) - result = true
2019-04-15 00:25:00 INFO  ApacheHttpClient.sendEvent(527) - responseCode = 200
2019-04-15 00:26:00 INFO  ApacheHttpClient.sendEvent(527) - responseCode = 200
2019-04-15 00:27:00 INFO  ApacheHttpClient.sendEvent(527) - responseCode = 200
2019-04-15 00:28:00 INFO  ApacheHttpClient.sendEvent(527) - responseCode = 200
2019-04-15 00:29:00 INFO  ApacheHttpClient.sendEvent(527) - responseCode = 200
2019-04-15 00:30:00 INFO  ApacheHttpClient.sendEvent(527) - responseCode = 200
2019-04-15 00:31:00 INFO  ApacheHttpClient.sendEvent(527) - responseCode = 200
2019-04-15 00:31:34 INFO  ApacheHttpClient.getWebResourceAsStream(494) - responseCode = 200
2019-04-15 00:31:34 INFO  ApacheHttpClient.getTask(479) - responseCode = 200
2019-04-15 00:31:34 INFO  ApacheHttpClient.getWebResourceAsStream(494) - responseCode = 200
2019-04-15 00:31:35 INFO  ApacheHttpClient.completed(27) - responseCode = 200
2019-04-15 00:31:35 INFO  ApacheHttpClient.getTask(479) - responseCode = 200
2019-04-15 00:32:00 INFO  ApacheHttpClient.sendEvent(527) - responseCode = 200
2019-04-15 00:33:00 INFO  ApacheHttpClient.sendEvent(527) - responseCode = 200
2019-04-15 00:33:51 INFO  ApacheHttpClient.getWebResourceAsStream(494) - responseCode = 200
2019-04-15 00:33:52 INFO  ApacheHttpClient.getFilteredTasks(331) - responseCode = 200
2019-04-15 00:33:56 INFO  ApacheHttpClient.getTaskTemplateInfo(348) - responseCode = 200
2019-04-15 00:33:58 INFO  ApacheHttpClient.testConnection(190) - responseCode = 200
2019-04-15 00:33:58 INFO  ApacheHttpClient.testConnection(205) - result = true
2019-04-15 00:33:59 INFO  ApacheHttpClient.testConnection(190) - responseCode = 200
2019-04-15 00:33:59 INFO  ApacheHttpClient.testConnection(205) - result = true
2019-04-15 00:33:59 INFO  ApacheHttpClient.getWebResourceAsStream(494) - responseCode = 200
2019-04-15 00:34:00 INFO  ApacheHttpClient.sendEvent(527) - responseCode = 200
2019-04-15 00:35:00 INFO  ApacheHttpClient.sendEvent(527) - responseCode = 200
2019-04-15 00:36:00 INFO  ApacheHttpClient.sendEvent(527) - responseCode = 200
2019-04-15 00:37:00 INFO  ApacheHttpClient.sendEvent(527) - responseCode = 200
2019-04-15 00:38:00 INFO  ApacheHttpClient.sendEvent(527) - responseCode = 200
2019-04-15 00:39:00 INFO  ApacheHttpClient.sendEvent(527) - responseCode = 200
2019-04-15 00:40:00 INFO  ApacheHttpClient.sendEvent(527) - responseCode = 200
2019-04-15 00:41:00 INFO  ApacheHttpClient.sendEvent(527) - responseCode = 200
2019-04-15 00:41:28 INFO  ApacheHttpClient.getWebResourceAsStream(494) - responseCode = 200
2019-04-15 00:41:29 INFO  ApacheHttpClient.getTask(479) - responseCode = 200
2019-04-15 00:41:29 INFO  ApacheHttpClient.getWebResourceAsStream(494) - responseCode = 200
2019-04-15 00:41:30 INFO  ApacheHttpClient.completed(27) - responseCode = 200
2019-04-15 00:41:30 INFO  ApacheHttpClient.getTask(479) - responseCode = 200
2019-04-15 00:42:00 INFO  ApacheHttpClient.sendEvent(527) - responseCode = 200
2019-04-15 00:43:00 INFO  ApacheHttpClient.sendEvent(527) - responseCode = 200
2019-04-15 00:43:58 INFO  ApacheHttpClient.getWebResourceAsStream(494) - responseCode = 200
2019-04-15 00:43:59 INFO  ApacheHttpClient.getFilteredTasks(331) - responseCode = 200
2019-04-15 00:44:00 INFO  ApacheHttpClient.sendEvent(527) - responseCode = 200
2019-04-15 00:44:26 INFO  ApacheHttpClient.getTaskTemplateInfo(348) - responseCode = 200
2019-04-15 00:44:28 INFO  ApacheHttpClient.testConnection(190) - responseCode = 200
2019-04-15 00:44:28 INFO  ApacheHttpClient.testConnection(205) - result = true
2019-04-15 00:44:30 INFO  ApacheHttpClient.testConnection(190) - responseCode = 200
2019-04-15 00:44:30 INFO  ApacheHttpClient.testConnection(205) - result = true
2019-04-15 00:44:30 INFO  ApacheHttpClient.getWebResourceAsStream(494) - responseCode = 200
2019-04-15 00:45:00 INFO  ApacheHttpClient.sendEvent(527) - responseCode = 200
2019-04-15 00:46:00 INFO  ApacheHttpClient.sendEvent(527) - responseCode = 200
2019-04-15 00:46:50 INFO  ApacheHttpClient.getWebResourceAsStream(494) - responseCode = 200
2019-04-15 00:46:50 INFO  ApacheHttpClient.getTask(479) - responseCode = 200
2019-04-15 00:46:51 INFO  ApacheHttpClient.getWebResourceAsStream(494) - responseCode = 200
2019-04-15 00:46:51 INFO  ApacheHttpClient.completed(27) - responseCode = 200
2019-04-15 00:47:00 INFO  ApacheHttpClient.sendEvent(527) - responseCode = 200
2019-04-15 00:48:00 INFO  ApacheHttpClient.sendEvent(527) - responseCode = 200
2019-04-15 00:49:00 INFO  ApacheHttpClient.sendEvent(527) - responseCode = 200
2019-04-15 00:50:00 INFO  ApacheHttpClient.sendEvent(527) - responseCode = 200
2019-04-15 00:51:00 INFO  ApacheHttpClient.sendEvent(527) - responseCode = 200
2019-04-15 00:51:37 INFO  ApacheHttpClient.getWebResourceAsStream(494) - responseCode = 200
2019-04-15 00:51:37 INFO  ApacheHttpClient.getTask(479) - responseCode = 200
2019-04-15 00:51:38 INFO  ApacheHttpClient.getWebResourceAsStream(494) - responseCode = 200
2019-04-15 00:51:38 INFO  ApacheHttpClient.completed(27) - responseCode = 200
2019-04-15 00:51:38 INFO  ApacheHttpClient.getTask(479) - responseCode = 200
2019-04-15 00:52:00 INFO  ApacheHttpClient.sendEvent(527) - responseCode = 200
2019-04-15 00:53:00 INFO  ApacheHttpClient.sendEvent(527) - responseCode = 200
2019-04-15 00:53:55 INFO  ApacheHttpClient.getWebResourceAsStream(494) - responseCode = 200
2019-04-15 00:53:56 INFO  ApacheHttpClient.getFilteredTasks(331) - responseCode = 200
2019-04-15 00:54:00 INFO  ApacheHttpClient.sendEvent(527) - responseCode = 200
2019-04-15 00:55:00 INFO  ApacheHttpClient.sendEvent(527) - responseCode = 200
2019-04-15 00:56:00 INFO  ApacheHttpClient.sendEvent(527) - responseCode = 200
2019-04-16 18:19:07 ERROR ApacheHttpClient.processExceptionSendEvent(108) - (super) Ошибка во время отправки ивента на сервер.
2019-04-16 18:19:58 INFO  ApacheHttpClient.sendEvent(527) - responseCode = 200
2019-04-16 18:20:58 INFO  ApacheHttpClient.sendEvent(527) - responseCode = 200
2019-04-16 18:21:58 INFO  ApacheHttpClient.sendEvent(527) - responseCode = 200
2019-04-16 18:22:58 INFO  ApacheHttpClient.sendEvent(527) - responseCode = 200
2019-04-16 18:23:58 INFO  ApacheHttpClient.sendEvent(527) - responseCode = 200
2019-04-16 18:24:58 INFO  ApacheHttpClient.sendEvent(527) - responseCode = 200
2019-04-16 18:25:58 INFO  ApacheHttpClient.sendEvent(527) - responseCode = 200
2019-04-16 18:26:58 INFO  ApacheHttpClient.sendEvent(527) - responseCode = 200
2019-04-16 18:27:58 INFO  ApacheHttpClient.sendEvent(527) - responseCode = 200
2019-04-16 18:28:58 INFO  ApacheHttpClient.sendEvent(527) - responseCode = 200
2019-04-16 18:29:58 INFO  ApacheHttpClient.sendEvent(527) - responseCode = 200
2019-04-16 18:30:58 INFO  ApacheHttpClient.sendEvent(527) - responseCode = 200
2019-04-16 18:31:58 INFO  ApacheHttpClient.sendEvent(527) - responseCode = 200
2019-04-16 18:32:58 INFO  ApacheHttpClient.sendEvent(527) - responseCode = 200
2019-04-16 18:33:58 INFO  ApacheHttpClient.sendEvent(527) - responseCode = 200
2019-04-16 18:34:58 INFO  ApacheHttpClient.sendEvent(527) - responseCode = 200
2019-04-16 18:35:58 INFO  ApacheHttpClient.sendEvent(527) - responseCode = 200
2019-04-16 18:36:58 INFO  ApacheHttpClient.sendEvent(527) - responseCode = 200
2019-04-16 18:37:59 INFO  ApacheHttpClient.sendEvent(527) - responseCode = 200
2019-04-16 18:38:58 INFO  ApacheHttpClient.sendEvent(527) - responseCode = 200
2019-04-16 18:39:58 INFO  ApacheHttpClient.sendEvent(527) - responseCode = 200
2019-04-16 18:40:58 INFO  ApacheHttpClient.sendEvent(527) - responseCode = 200
2019-04-16 18:41:58 INFO  ApacheHttpClient.sendEvent(527) - responseCode = 200
2019-04-16 18:42:58 INFO  ApacheHttpClient.sendEvent(527) - responseCode = 200
2019-04-16 18:43:58 INFO  ApacheHttpClient.sendEvent(527) - responseCode = 200
2019-04-16 18:44:58 INFO  ApacheHttpClient.sendEvent(527) - responseCode = 200
2019-04-16 18:45:58 INFO  ApacheHttpClient.sendEvent(527) - responseCode = 200
2019-04-16 18:46:58 INFO  ApacheHttpClient.sendEvent(527) - responseCode = 200
2019-04-16 18:47:58 INFO  ApacheHttpClient.sendEvent(527) - responseCode = 200
2019-04-16 18:48:58 INFO  ApacheHttpClient.sendEvent(527) - responseCode = 200
2019-04-16 18:49:58 INFO  ApacheHttpClient.sendEvent(527) - responseCode = 200
2019-04-16 18:50:58 INFO  ApacheHttpClient.sendEvent(527) - responseCode = 200
2019-04-16 18:51:58 INFO  ApacheHttpClient.sendEvent(527) - responseCode = 200
2019-04-16 18:52:58 INFO  ApacheHttpClient.sendEvent(527) - responseCode = 200
2019-04-16 18:53:56 INFO  ApacheHttpClient.sendEvent(527) - responseCode = 200
2019-04-16 18:54:56 INFO  ApacheHttpClient.sendEvent(527) - responseCode = 200
2019-04-16 18:55:56 INFO  ApacheHttpClient.sendEvent(527) - responseCode = 200
2019-04-16 18:56:56 INFO  ApacheHttpClient.sendEvent(527) - responseCode = 200
2019-04-16 18:57:56 INFO  ApacheHttpClient.sendEvent(527) - responseCode = 200
2019-04-16 18:58:56 INFO  ApacheHttpClient.sendEvent(527) - responseCode = 200
2019-04-16 18:59:56 INFO  ApacheHttpClient.sendEvent(527) - responseCode = 200
2019-04-16 19:00:56 INFO  ApacheHttpClient.sendEvent(527) - responseCode = 200
2019-04-16 19:01:56 INFO  ApacheHttpClient.sendEvent(527) - responseCode = 200
2019-04-16 19:02:56 INFO  ApacheHttpClient.sendEvent(527) - responseCode = 200
2019-04-16 19:03:56 INFO  ApacheHttpClient.sendEvent(527) - responseCode = 200
2019-04-16 19:04:56 INFO  ApacheHttpClient.sendEvent(527) - responseCode = 200
2019-04-16 19:05:56 INFO  ApacheHttpClient.sendEvent(527) - responseCode = 200
2019-04-16 19:06:56 INFO  ApacheHttpClient.sendEvent(527) - responseCode = 200
2019-04-16 19:07:56 INFO  ApacheHttpClient.sendEvent(527) - responseCode = 200
2019-04-16 19:08:56 INFO  ApacheHttpClient.sendEvent(527) - responseCode = 200
2019-04-16 19:09:56 INFO  ApacheHttpClient.sendEvent(527) - responseCode = 200
2019-04-16 19:10:56 INFO  ApacheHttpClient.sendEvent(527) - responseCode = 200
2019-04-16 19:11:56 INFO  ApacheHttpClient.sendEvent(527) - responseCode = 200
2019-04-16 19:12:56 INFO  ApacheHttpClient.sendEvent(527) - responseCode = 200
2019-04-16 19:13:56 INFO  ApacheHttpClient.sendEvent(527) - responseCode = 200
2019-04-16 19:14:56 INFO  ApacheHttpClient.sendEvent(527) - responseCode = 200
2019-04-16 19:15:56 INFO  ApacheHttpClient.sendEvent(527) - responseCode = 200
2019-04-16 19:16:56 INFO  ApacheHttpClient.sendEvent(527) - responseCode = 200
2019-04-16 19:17:56 INFO  ApacheHttpClient.sendEvent(527) - responseCode = 200
2019-04-16 19:18:56 INFO  ApacheHttpClient.sendEvent(527) - responseCode = 200
2019-04-16 19:19:56 INFO  ApacheHttpClient.sendEvent(527) - responseCode = 200
2019-04-16 19:20:56 INFO  ApacheHttpClient.sendEvent(527) - responseCode = 200
2019-04-16 19:21:56 INFO  ApacheHttpClient.sendEvent(527) - responseCode = 200
2019-04-16 19:22:56 INFO  ApacheHttpClient.sendEvent(527) - responseCode = 200
2019-04-16 19:23:56 INFO  ApacheHttpClient.sendEvent(527) - responseCode = 200
2019-04-16 19:24:56 INFO  ApacheHttpClient.sendEvent(527) - responseCode = 200
2019-04-16 19:25:56 INFO  ApacheHttpClient.sendEvent(527) - responseCode = 200
2019-04-16 19:26:56 INFO  ApacheHttpClient.sendEvent(527) - responseCode = 200
2019-04-16 19:27:56 INFO  ApacheHttpClient.sendEvent(527) - responseCode = 200
2019-04-16 19:28:57 INFO  ApacheHttpClient.sendEvent(527) - responseCode = 200
2019-04-16 19:29:56 INFO  ApacheHttpClient.sendEvent(527) - responseCode = 200
2019-04-16 19:30:56 INFO  ApacheHttpClient.sendEvent(527) - responseCode = 200
2019-04-16 19:31:56 INFO  ApacheHttpClient.sendEvent(527) - responseCode = 200
2019-04-16 19:32:56 INFO  ApacheHttpClient.sendEvent(527) - responseCode = 200
2019-04-16 19:33:56 INFO  ApacheHttpClient.sendEvent(527) - responseCode = 200
2019-04-16 19:34:56 INFO  ApacheHttpClient.sendEvent(527) - responseCode = 200
2019-04-16 19:35:56 INFO  ApacheHttpClient.sendEvent(527) - responseCode = 200
2019-04-16 19:36:56 INFO  ApacheHttpClient.sendEvent(527) - responseCode = 200
2019-04-16 19:37:56 INFO  ApacheHttpClient.sendEvent(527) - responseCode = 200
2019-04-16 19:38:56 INFO  ApacheHttpClient.sendEvent(527) - responseCode = 200
2019-04-16 19:39:56 INFO  ApacheHttpClient.sendEvent(527) - responseCode = 200
2019-04-16 19:40:56 INFO  ApacheHttpClient.sendEvent(527) - responseCode = 200
2019-04-16 19:41:56 INFO  ApacheHttpClient.sendEvent(527) - responseCode = 200
2019-04-16 19:42:56 INFO  ApacheHttpClient.sendEvent(527) - responseCode = 200
2019-04-16 19:43:56 INFO  ApacheHttpClient.sendEvent(527) - responseCode = 200
2019-04-16 19:44:56 INFO  ApacheHttpClient.sendEvent(527) - responseCode = 200
2019-04-16 19:45:56 INFO  ApacheHttpClient.sendEvent(527) - responseCode = 200
2019-04-16 19:46:56 INFO  ApacheHttpClient.sendEvent(527) - responseCode = 200
2019-04-16 19:47:56 INFO  ApacheHttpClient.sendEvent(527) - responseCode = 200
2019-04-16 19:48:56 INFO  ApacheHttpClient.sendEvent(527) - responseCode = 200
2019-04-16 19:49:56 INFO  ApacheHttpClient.sendEvent(527) - responseCode = 200
2019-04-16 19:50:56 INFO  ApacheHttpClient.sendEvent(527) - responseCode = 200
2019-04-16 19:51:56 INFO  ApacheHttpClient.sendEvent(527) - responseCode = 200
2019-04-16 19:52:56 INFO  ApacheHttpClient.sendEvent(527) - responseCode = 200
2019-04-16 19:53:56 INFO  ApacheHttpClient.sendEvent(527) - responseCode = 200
2019-04-16 19:54:56 INFO  ApacheHttpClient.sendEvent(527) - responseCode = 200
2019-04-16 19:55:56 INFO  ApacheHttpClient.sendEvent(527) - responseCode = 200
2019-04-16 19:56:56 INFO  ApacheHttpClient.sendEvent(527) - responseCode = 200
2019-04-16 19:57:56 INFO  ApacheHttpClient.sendEvent(527) - responseCode = 200
2019-04-16 19:58:56 INFO  ApacheHttpClient.sendEvent(527) - responseCode = 200
2019-04-16 19:59:56 INFO  ApacheHttpClient.sendEvent(527) - responseCode = 200
2019-04-16 20:00:56 INFO  ApacheHttpClient.sendEvent(527) - responseCode = 200
2019-04-16 20:01:56 INFO  ApacheHttpClient.sendEvent(527) - responseCode = 200
2019-04-16 20:02:56 INFO  ApacheHttpClient.sendEvent(527) - responseCode = 200
2019-04-16 20:03:56 INFO  ApacheHttpClient.sendEvent(527) - responseCode = 200
2019-04-16 20:04:56 INFO  ApacheHttpClient.sendEvent(527) - responseCode = 200
2019-04-16 20:05:56 INFO  ApacheHttpClient.sendEvent(527) - responseCode = 200
2019-04-16 20:06:56 INFO  ApacheHttpClient.sendEvent(527) - responseCode = 200
2019-04-16 20:07:56 INFO  ApacheHttpClient.sendEvent(527) - responseCode = 200
2019-04-16 20:08:57 INFO  ApacheHttpClient.sendEvent(527) - responseCode = 200
2019-04-16 20:09:56 INFO  ApacheHttpClient.sendEvent(527) - responseCode = 200
2019-04-16 20:10:56 INFO  ApacheHttpClient.sendEvent(527) - responseCode = 200
2019-04-16 20:11:56 INFO  ApacheHttpClient.sendEvent(527) - responseCode = 200
2019-04-16 20:12:56 INFO  ApacheHttpClient.sendEvent(527) - responseCode = 200
2019-04-16 20:13:56 INFO  ApacheHttpClient.sendEvent(527) - responseCode = 200
2019-04-16 20:14:56 INFO  ApacheHttpClient.sendEvent(527) - responseCode = 200
2019-04-16 20:15:56 INFO  ApacheHttpClient.sendEvent(527) - responseCode = 200
2019-04-16 20:16:56 INFO  ApacheHttpClient.sendEvent(527) - responseCode = 200
2019-04-16 20:17:56 INFO  ApacheHttpClient.sendEvent(527) - responseCode = 200
2019-04-16 20:18:56 INFO  ApacheHttpClient.sendEvent(527) - responseCode = 200
2019-04-16 20:19:56 INFO  ApacheHttpClient.sendEvent(527) - responseCode = 200
2019-04-16 20:20:56 INFO  ApacheHttpClient.sendEvent(527) - responseCode = 200
2019-04-16 20:21:57 INFO  ApacheHttpClient.sendEvent(527) - responseCode = 200
2019-04-16 20:22:57 INFO  ApacheHttpClient.sendEvent(527) - responseCode = 200
2019-04-16 20:23:56 INFO  ApacheHttpClient.sendEvent(527) - responseCode = 200
2019-04-16 20:24:56 INFO  ApacheHttpClient.sendEvent(527) - responseCode = 200
2019-04-16 20:25:57 INFO  ApacheHttpClient.sendEvent(527) - responseCode = 200
2019-04-16 20:26:56 INFO  ApacheHttpClient.sendEvent(527) - responseCode = 200
2019-04-16 20:27:56 INFO  ApacheHttpClient.sendEvent(527) - responseCode = 200
2019-04-16 20:28:56 INFO  ApacheHttpClient.sendEvent(527) - responseCode = 200
2019-04-16 20:29:56 INFO  ApacheHttpClient.sendEvent(527) - responseCode = 200
2019-04-16 20:30:57 INFO  ApacheHttpClient.sendEvent(527) - responseCode = 200
2019-04-16 20:31:57 INFO  ApacheHttpClient.sendEvent(527) - responseCode = 200
2019-04-16 20:32:56 INFO  ApacheHttpClient.sendEvent(527) - responseCode = 200
2019-04-16 20:33:56 INFO  ApacheHttpClient.sendEvent(527) - responseCode = 200
2019-04-16 20:34:58 INFO  ApacheHttpClient.sendEvent(527) - responseCode = 200
2019-04-16 20:35:56 INFO  ApacheHttpClient.sendEvent(527) - responseCode = 200
2019-04-16 20:36:56 INFO  ApacheHttpClient.sendEvent(527) - responseCode = 200
2019-04-16 20:37:57 INFO  ApacheHttpClient.sendEvent(527) - responseCode = 200
2019-04-16 20:38:56 INFO  ApacheHttpClient.sendEvent(527) - responseCode = 200
2019-04-16 20:39:57 INFO  ApacheHttpClient.sendEvent(527) - responseCode = 200
2019-04-16 20:40:56 INFO  ApacheHttpClient.sendEvent(527) - responseCode = 200
2019-04-16 20:41:57 INFO  ApacheHttpClient.sendEvent(527) - responseCode = 200
2019-04-16 20:42:56 INFO  ApacheHttpClient.sendEvent(527) - responseCode = 200
2019-04-16 20:43:56 INFO  ApacheHttpClient.sendEvent(527) - responseCode = 200
2019-04-16 20:44:56 INFO  ApacheHttpClient.sendEvent(527) - responseCode = 200
2019-04-16 20:45:56 INFO  ApacheHttpClient.sendEvent(527) - responseCode = 200
2019-04-16 20:46:56 INFO  ApacheHttpClient.sendEvent(527) - responseCode = 200
2019-04-16 20:47:56 INFO  ApacheHttpClient.sendEvent(527) - responseCode = 200
2019-04-16 20:48:56 INFO  ApacheHttpClient.sendEvent(527) - responseCode = 200
2019-04-16 20:49:56 INFO  ApacheHttpClient.sendEvent(527) - responseCode = 200
2019-04-16 20:50:56 INFO  ApacheHttpClient.sendEvent(527) - responseCode = 200
2019-04-16 20:51:56 INFO  ApacheHttpClient.sendEvent(527) - responseCode = 200
2019-04-16 20:52:56 INFO  ApacheHttpClient.sendEvent(527) - responseCode = 200
2019-04-16 20:53:56 INFO  ApacheHttpClient.sendEvent(527) - responseCode = 200
2019-04-16 20:54:57 INFO  ApacheHttpClient.sendEvent(527) - responseCode = 200
2019-04-16 20:55:56 INFO  ApacheHttpClient.sendEvent(527) - responseCode = 200
2019-04-16 20:56:56 INFO  ApacheHttpClient.sendEvent(527) - responseCode = 200
2019-04-16 20:57:56 INFO  ApacheHttpClient.sendEvent(527) - responseCode = 200
2019-04-16 20:58:56 INFO  ApacheHttpClient.sendEvent(527) - responseCode = 200
2019-04-16 20:59:57 INFO  ApacheHttpClient.sendEvent(527) - responseCode = 200
2019-04-16 21:00:56 INFO  ApacheHttpClient.sendEvent(527) - responseCode = 200
2019-04-16 21:01:56 INFO  ApacheHttpClient.sendEvent(527) - responseCode = 200
2019-04-16 21:02:56 INFO  ApacheHttpClient.sendEvent(527) - responseCode = 200
2019-04-16 21:03:57 INFO  ApacheHttpClient.sendEvent(527) - responseCode = 200
2019-04-16 21:04:56 INFO  ApacheHttpClient.sendEvent(527) - responseCode = 200
2019-04-16 21:05:57 INFO  ApacheHttpClient.sendEvent(527) - responseCode = 200
2019-04-16 21:06:56 INFO  ApacheHttpClient.sendEvent(527) - responseCode = 200
2019-04-16 21:07:56 INFO  ApacheHttpClient.sendEvent(527) - responseCode = 200
2019-04-16 21:08:56 INFO  ApacheHttpClient.sendEvent(527) - responseCode = 200
2019-04-16 21:09:56 INFO  ApacheHttpClient.sendEvent(527) - responseCode = 200
2019-04-16 21:10:56 INFO  ApacheHttpClient.sendEvent(527) - responseCode = 200
2019-04-16 21:11:56 INFO  ApacheHttpClient.sendEvent(527) - responseCode = 200
2019-04-16 21:12:56 INFO  ApacheHttpClient.sendEvent(527) - responseCode = 200
2019-04-16 21:13:56 INFO  ApacheHttpClient.sendEvent(527) - responseCode = 200
2019-04-16 21:14:56 INFO  ApacheHttpClient.sendEvent(527) - responseCode = 200
2019-04-16 21:15:56 INFO  ApacheHttpClient.sendEvent(527) - responseCode = 200
2019-04-16 21:16:57 INFO  ApacheHttpClient.sendEvent(527) - responseCode = 200
2019-04-16 21:17:57 INFO  ApacheHttpClient.sendEvent(527) - responseCode = 200
2019-04-16 21:18:56 INFO  ApacheHttpClient.sendEvent(527) - responseCode = 200
2019-04-16 21:19:56 INFO  ApacheHttpClient.sendEvent(527) - responseCode = 200
2019-04-16 21:20:56 INFO  ApacheHttpClient.sendEvent(527) - responseCode = 200
2019-04-16 21:21:57 INFO  ApacheHttpClient.sendEvent(527) - responseCode = 200
2019-04-16 21:22:56 INFO  ApacheHttpClient.sendEvent(527) - responseCode = 200
2019-04-16 21:23:56 INFO  ApacheHttpClient.sendEvent(527) - responseCode = 200
2019-04-16 21:24:56 INFO  ApacheHttpClient.sendEvent(527) - responseCode = 200
2019-04-16 21:25:56 INFO  ApacheHttpClient.sendEvent(527) - responseCode = 200
2019-04-16 21:26:56 INFO  ApacheHttpClient.sendEvent(527) - responseCode = 200
2019-04-16 21:27:56 INFO  ApacheHttpClient.sendEvent(527) - responseCode = 200
2019-04-16 21:28:57 INFO  ApacheHttpClient.sendEvent(527) - responseCode = 200
2019-04-16 21:29:57 INFO  ApacheHttpClient.sendEvent(527) - responseCode = 200
2019-04-16 21:30:56 INFO  ApacheHttpClient.sendEvent(527) - responseCode = 200
2019-04-16 21:31:56 INFO  ApacheHttpClient.sendEvent(527) - responseCode = 200
2019-04-16 21:32:56 INFO  ApacheHttpClient.sendEvent(527) - responseCode = 200
2019-04-16 21:33:56 INFO  ApacheHttpClient.sendEvent(527) - responseCode = 200
2019-04-16 21:34:41 INFO  ApacheHttpClient.testConnection(190) - responseCode = 200
2019-04-16 21:34:41 INFO  ApacheHttpClient.testConnection(205) - result = true
2019-04-16 21:34:56 INFO  ApacheHttpClient.sendEvent(527) - responseCode = 200
2019-04-16 21:35:56 INFO  ApacheHttpClient.sendEvent(527) - responseCode = 200
2019-04-16 21:36:56 INFO  ApacheHttpClient.sendEvent(527) - responseCode = 200
2019-04-16 21:37:56 INFO  ApacheHttpClient.sendEvent(527) - responseCode = 200
2019-04-16 21:38:56 INFO  ApacheHttpClient.sendEvent(527) - responseCode = 200
2019-04-16 21:39:56 INFO  ApacheHttpClient.sendEvent(527) - responseCode = 200
2019-04-16 21:40:56 INFO  ApacheHttpClient.sendEvent(527) - responseCode = 200
2019-04-16 21:41:56 INFO  ApacheHttpClient.sendEvent(527) - responseCode = 200
2019-04-16 21:42:56 INFO  ApacheHttpClient.sendEvent(527) - responseCode = 200
2019-04-16 21:43:56 INFO  ApacheHttpClient.sendEvent(527) - responseCode = 200
2019-04-16 21:44:56 INFO  ApacheHttpClient.sendEvent(527) - responseCode = 200
2019-04-16 21:45:56 INFO  ApacheHttpClient.sendEvent(527) - responseCode = 200
2019-04-16 21:46:56 INFO  ApacheHttpClient.sendEvent(527) - responseCode = 200
2019-04-16 21:47:56 INFO  ApacheHttpClient.sendEvent(527) - responseCode = 200
2019-04-16 21:48:56 INFO  ApacheHttpClient.sendEvent(527) - responseCode = 200
2019-04-16 21:49:56 INFO  ApacheHttpClient.sendEvent(527) - responseCode = 200
2019-04-16 21:50:56 INFO  ApacheHttpClient.sendEvent(527) - responseCode = 200
2019-04-16 21:51:56 INFO  ApacheHttpClient.sendEvent(527) - responseCode = 200
2019-04-16 21:52:56 INFO  ApacheHttpClient.sendEvent(527) - responseCode = 200
2019-04-16 21:53:56 INFO  ApacheHttpClient.sendEvent(527) - responseCode = 200
2019-04-16 21:54:56 INFO  ApacheHttpClient.sendEvent(527) - responseCode = 200
2019-04-16 21:55:56 INFO  ApacheHttpClient.sendEvent(527) - responseCode = 200
2019-04-16 21:56:56 INFO  ApacheHttpClient.sendEvent(527) - responseCode = 200
2019-04-16 21:57:56 INFO  ApacheHttpClient.sendEvent(527) - responseCode = 200
2019-04-16 21:58:56 INFO  ApacheHttpClient.sendEvent(527) - responseCode = 200
2019-04-16 21:59:56 INFO  ApacheHttpClient.sendEvent(527) - responseCode = 200
2019-04-16 22:00:56 INFO  ApacheHttpClient.sendEvent(527) - responseCode = 200
2019-04-16 22:01:56 INFO  ApacheHttpClient.sendEvent(527) - responseCode = 200
2019-04-16 22:02:56 INFO  ApacheHttpClient.sendEvent(527) - responseCode = 200
2019-04-16 22:03:56 INFO  ApacheHttpClient.sendEvent(527) - responseCode = 200
2019-04-16 22:04:56 INFO  ApacheHttpClient.sendEvent(527) - responseCode = 200
2019-04-16 22:05:56 INFO  ApacheHttpClient.sendEvent(527) - responseCode = 200
2019-04-16 22:06:56 INFO  ApacheHttpClient.sendEvent(527) - responseCode = 200
2019-04-16 22:07:56 INFO  ApacheHttpClient.sendEvent(527) - responseCode = 200
2019-04-16 22:08:56 INFO  ApacheHttpClient.sendEvent(527) - responseCode = 200
2019-04-16 22:09:56 INFO  ApacheHttpClient.sendEvent(527) - responseCode = 200
2019-04-16 22:10:56 INFO  ApacheHttpClient.sendEvent(527) - responseCode = 200
2019-04-16 22:11:56 INFO  ApacheHttpClient.sendEvent(527) - responseCode = 200
2019-04-16 22:12:56 INFO  ApacheHttpClient.sendEvent(527) - responseCode = 200
2019-04-16 22:13:56 INFO  ApacheHttpClient.sendEvent(527) - responseCode = 200
2019-04-16 22:14:57 INFO  ApacheHttpClient.sendEvent(527) - responseCode = 200
2019-04-16 22:15:56 INFO  ApacheHttpClient.sendEvent(527) - responseCode = 200
2019-04-16 22:16:57 INFO  ApacheHttpClient.sendEvent(527) - responseCode = 200
2019-04-16 22:17:56 INFO  ApacheHttpClient.sendEvent(527) - responseCode = 200
2019-04-16 22:18:56 INFO  ApacheHttpClient.sendEvent(527) - responseCode = 200
2019-04-16 22:19:56 INFO  ApacheHttpClient.sendEvent(527) - responseCode = 200
2019-04-16 22:20:56 INFO  ApacheHttpClient.sendEvent(527) - responseCode = 200
2019-04-16 22:21:56 INFO  ApacheHttpClient.sendEvent(527) - responseCode = 200
2019-04-16 22:22:56 INFO  ApacheHttpClient.sendEvent(527) - responseCode = 200
2019-04-16 22:23:56 INFO  ApacheHttpClient.sendEvent(527) - responseCode = 200
2019-04-16 22:24:56 INFO  ApacheHttpClient.sendEvent(527) - responseCode = 200
2019-04-16 22:25:56 INFO  ApacheHttpClient.sendEvent(527) - responseCode = 200
2019-04-16 22:26:56 INFO  ApacheHttpClient.sendEvent(527) - responseCode = 200
2019-04-16 22:27:56 INFO  ApacheHttpClient.sendEvent(527) - responseCode = 200
2019-04-16 22:28:56 INFO  ApacheHttpClient.sendEvent(527) - responseCode = 200
2019-04-16 22:29:56 INFO  ApacheHttpClient.sendEvent(527) - responseCode = 200
2019-04-16 22:30:56 INFO  ApacheHttpClient.sendEvent(527) - responseCode = 200
2019-04-16 22:31:56 INFO  ApacheHttpClient.sendEvent(527) - responseCode = 200
2019-04-16 22:32:56 INFO  ApacheHttpClient.sendEvent(527) - responseCode = 200
2019-04-16 22:33:56 INFO  ApacheHttpClient.sendEvent(527) - responseCode = 200
2019-04-16 22:34:56 INFO  ApacheHttpClient.sendEvent(527) - responseCode = 200
2019-04-16 22:35:56 INFO  ApacheHttpClient.sendEvent(527) - responseCode = 200
2019-04-16 22:36:56 INFO  ApacheHttpClient.sendEvent(527) - responseCode = 200
2019-04-16 22:37:56 INFO  ApacheHttpClient.sendEvent(527) - responseCode = 200
2019-04-16 22:38:56 INFO  ApacheHttpClient.sendEvent(527) - responseCode = 200
2019-04-16 22:56:33 ERROR ApacheHttpClient.processExceptionSendEvent(108) - (super) Ошибка во время отправки ивента на сервер.
2019-04-16 22:57:33 INFO  ApacheHttpClient.sendEvent(527) - responseCode = 200
2019-04-16 22:58:33 INFO  ApacheHttpClient.sendEvent(527) - responseCode = 200
2019-04-16 22:59:33 INFO  ApacheHttpClient.sendEvent(527) - responseCode = 200
2019-04-16 23:00:33 INFO  ApacheHttpClient.sendEvent(527) - responseCode = 200
2019-04-16 23:01:33 INFO  ApacheHttpClient.sendEvent(527) - responseCode = 200
2019-04-16 23:02:33 INFO  ApacheHttpClient.sendEvent(527) - responseCode = 200
2019-04-16 23:03:33 INFO  ApacheHttpClient.sendEvent(527) - responseCode = 200
2019-04-16 23:04:33 INFO  ApacheHttpClient.sendEvent(527) - responseCode = 200
2019-04-16 23:05:33 INFO  ApacheHttpClient.sendEvent(527) - responseCode = 200
2019-04-16 23:06:33 INFO  ApacheHttpClient.sendEvent(527) - responseCode = 200
2019-04-16 23:07:33 INFO  ApacheHttpClient.sendEvent(527) - responseCode = 200
2019-04-16 23:08:33 INFO  ApacheHttpClient.sendEvent(527) - responseCode = 200
2019-04-16 23:09:33 INFO  ApacheHttpClient.sendEvent(527) - responseCode = 200
2019-04-16 23:10:33 INFO  ApacheHttpClient.sendEvent(527) - responseCode = 200
2019-04-16 23:11:33 INFO  ApacheHttpClient.sendEvent(527) - responseCode = 200
2019-04-16 23:12:33 INFO  ApacheHttpClient.sendEvent(527) - responseCode = 200
2019-04-16 23:13:33 INFO  ApacheHttpClient.sendEvent(527) - responseCode = 200
2019-04-16 23:14:33 INFO  ApacheHttpClient.sendEvent(527) - responseCode = 200
2019-04-16 23:15:33 INFO  ApacheHttpClient.sendEvent(527) - responseCode = 200
2019-04-16 23:16:33 INFO  ApacheHttpClient.sendEvent(527) - responseCode = 200
2019-04-16 23:17:33 INFO  ApacheHttpClient.sendEvent(527) - responseCode = 200
2019-04-16 23:18:33 INFO  ApacheHttpClient.sendEvent(527) - responseCode = 200
2019-04-16 23:19:33 INFO  ApacheHttpClient.sendEvent(527) - responseCode = 200
2019-04-16 23:20:33 INFO  ApacheHttpClient.sendEvent(527) - responseCode = 200
2019-04-16 23:21:33 INFO  ApacheHttpClient.sendEvent(527) - responseCode = 200
2019-04-16 23:22:33 INFO  ApacheHttpClient.sendEvent(527) - responseCode = 200
2019-04-16 23:23:33 INFO  ApacheHttpClient.sendEvent(527) - responseCode = 200
2019-04-16 23:24:33 INFO  ApacheHttpClient.sendEvent(527) - responseCode = 200
2019-04-16 23:25:38 ERROR ApacheHttpClient.processExceptionSendEvent(108) - (super) Ошибка во время отправки ивента на сервер.
2019-04-16 23:26:44 INFO  ApacheHttpClient.sendEvent(527) - responseCode = 200
2019-04-16 23:27:35 INFO  ApacheHttpClient.sendEvent(527) - responseCode = 200
2019-04-16 23:28:35 INFO  ApacheHttpClient.sendEvent(527) - responseCode = 200
2019-04-16 23:29:40 INFO  ApacheHttpClient.sendEvent(527) - responseCode = 200
2019-04-16 23:30:36 INFO  ApacheHttpClient.sendEvent(527) - responseCode = 200
2019-04-16 23:31:34 INFO  ApacheHttpClient.sendEvent(527) - responseCode = 200
2019-04-16 23:32:33 INFO  ApacheHttpClient.sendEvent(527) - responseCode = 200
2019-04-16 23:33:33 INFO  ApacheHttpClient.sendEvent(527) - responseCode = 200
2019-04-16 23:34:33 INFO  ApacheHttpClient.sendEvent(527) - responseCode = 200
2019-04-16 23:35:33 INFO  ApacheHttpClient.sendEvent(527) - responseCode = 200
2019-04-16 23:36:33 INFO  ApacheHttpClient.sendEvent(527) - responseCode = 200
2019-04-16 23:37:33 INFO  ApacheHttpClient.sendEvent(527) - responseCode = 200
2019-04-16 23:38:33 INFO  ApacheHttpClient.sendEvent(527) - responseCode = 200
2019-04-16 23:39:33 INFO  ApacheHttpClient.sendEvent(527) - responseCode = 200
2019-04-16 23:40:33 INFO  ApacheHttpClient.sendEvent(527) - responseCode = 200
2019-04-16 23:41:33 INFO  ApacheHttpClient.sendEvent(527) - responseCode = 200
2019-04-16 23:42:33 INFO  ApacheHttpClient.sendEvent(527) - responseCode = 200
2019-04-16 23:43:33 INFO  ApacheHttpClient.sendEvent(527) - responseCode = 200
2019-04-16 23:44:33 INFO  ApacheHttpClient.sendEvent(527) - responseCode = 200
2019-04-16 23:45:33 INFO  ApacheHttpClient.sendEvent(527) - responseCode = 200
2019-04-16 23:46:33 INFO  ApacheHttpClient.sendEvent(527) - responseCode = 200
2019-04-16 23:47:33 INFO  ApacheHttpClient.sendEvent(527) - responseCode = 200
2019-04-16 23:48:33 INFO  ApacheHttpClient.sendEvent(527) - responseCode = 200
2019-04-16 23:49:33 INFO  ApacheHttpClient.sendEvent(527) - responseCode = 200
2019-04-16 23:50:33 INFO  ApacheHttpClient.sendEvent(527) - responseCode = 200
2019-04-16 23:51:33 INFO  ApacheHttpClient.sendEvent(527) - responseCode = 200
2019-04-16 23:52:33 INFO  ApacheHttpClient.sendEvent(527) - responseCode = 200
2019-04-17 08:32:25 ERROR ApacheHttpClient.processExceptionSendEvent(108) - (super) Ошибка во время отправки ивента на сервер.
2019-04-17 12:30:05 ERROR ApacheHttpClient.processExceptionSendEvent(108) - (super) Ошибка во время отправки ивента на сервер.
2019-04-17 12:31:08 INFO  ApacheHttpClient.sendEvent(527) - responseCode = 200
2019-04-17 12:32:06 INFO  ApacheHttpClient.sendEvent(527) - responseCode = 200
2019-04-17 12:33:06 INFO  ApacheHttpClient.sendEvent(527) - responseCode = 200
2019-04-17 12:34:06 INFO  ApacheHttpClient.sendEvent(527) - responseCode = 200
2019-04-17 12:35:06 INFO  ApacheHttpClient.sendEvent(527) - responseCode = 200
2019-04-17 12:36:06 INFO  ApacheHttpClient.sendEvent(527) - responseCode = 200
2019-04-17 12:37:06 INFO  ApacheHttpClient.sendEvent(527) - responseCode = 200
2019-04-17 12:38:06 INFO  ApacheHttpClient.sendEvent(527) - responseCode = 200
2019-04-17 12:39:06 INFO  ApacheHttpClient.sendEvent(527) - responseCode = 200
2019-04-17 12:40:06 INFO  ApacheHttpClient.sendEvent(527) - responseCode = 200
2019-04-17 12:41:06 INFO  ApacheHttpClient.sendEvent(527) - responseCode = 200
2019-04-17 12:42:06 INFO  ApacheHttpClient.sendEvent(527) - responseCode = 200
2019-04-17 12:43:06 INFO  ApacheHttpClient.sendEvent(527) - responseCode = 200
2019-04-17 12:44:06 INFO  ApacheHttpClient.sendEvent(527) - responseCode = 200
2019-04-17 12:45:06 INFO  ApacheHttpClient.sendEvent(527) - responseCode = 200
2019-04-17 12:46:06 INFO  ApacheHttpClient.sendEvent(527) - responseCode = 200
2019-04-17 12:47:06 INFO  ApacheHttpClient.sendEvent(527) - responseCode = 200
2019-04-17 12:48:06 INFO  ApacheHttpClient.sendEvent(527) - responseCode = 200
2019-04-17 12:49:06 INFO  ApacheHttpClient.sendEvent(527) - responseCode = 200
2019-04-17 12:50:06 INFO  ApacheHttpClient.sendEvent(527) - responseCode = 200
2019-04-17 12:51:06 INFO  ApacheHttpClient.sendEvent(527) - responseCode = 200
2019-04-17 12:52:06 INFO  ApacheHttpClient.sendEvent(527) - responseCode = 200
2019-04-17 12:53:06 INFO  ApacheHttpClient.sendEvent(527) - responseCode = 200
2019-04-17 12:54:06 INFO  ApacheHttpClient.sendEvent(527) - responseCode = 200
2019-04-17 12:55:06 INFO  ApacheHttpClient.sendEvent(527) - responseCode = 200
2019-04-17 12:56:06 INFO  ApacheHttpClient.sendEvent(527) - responseCode = 200
2019-04-17 12:57:06 INFO  ApacheHttpClient.sendEvent(527) - responseCode = 200
2019-04-17 12:58:06 INFO  ApacheHttpClient.sendEvent(527) - responseCode = 200
2019-04-17 12:59:06 INFO  ApacheHttpClient.sendEvent(527) - responseCode = 200
2019-04-17 13:00:06 INFO  ApacheHttpClient.sendEvent(527) - responseCode = 200
2019-04-17 13:01:06 INFO  ApacheHttpClient.sendEvent(527) - responseCode = 200
2019-04-17 13:02:06 INFO  ApacheHttpClient.sendEvent(527) - responseCode = 200
2019-04-17 13:03:06 INFO  ApacheHttpClient.sendEvent(527) - responseCode = 200
2019-04-17 13:04:06 INFO  ApacheHttpClient.sendEvent(527) - responseCode = 200
2019-04-17 13:05:06 INFO  ApacheHttpClient.sendEvent(527) - responseCode = 200
2019-04-17 13:06:06 INFO  ApacheHttpClient.sendEvent(527) - responseCode = 200
2019-04-17 13:07:06 INFO  ApacheHttpClient.sendEvent(527) - responseCode = 200
2019-04-17 13:08:06 INFO  ApacheHttpClient.sendEvent(527) - responseCode = 200
2019-04-17 13:09:06 INFO  ApacheHttpClient.sendEvent(527) - responseCode = 200
2019-04-17 13:10:06 INFO  ApacheHttpClient.sendEvent(527) - responseCode = 200
2019-04-17 13:11:06 INFO  ApacheHttpClient.sendEvent(527) - responseCode = 200
2019-04-17 13:12:06 INFO  ApacheHttpClient.sendEvent(527) - responseCode = 200
2019-04-17 13:13:06 INFO  ApacheHttpClient.sendEvent(527) - responseCode = 200
2019-04-17 13:14:06 INFO  ApacheHttpClient.sendEvent(527) - responseCode = 200
2019-04-17 13:15:06 INFO  ApacheHttpClient.sendEvent(527) - responseCode = 200
2019-04-17 13:16:06 INFO  ApacheHttpClient.sendEvent(527) - responseCode = 200
2019-04-17 13:17:06 INFO  ApacheHttpClient.sendEvent(527) - responseCode = 200
2019-04-17 13:18:06 INFO  ApacheHttpClient.sendEvent(527) - responseCode = 200
2019-04-17 13:19:06 INFO  ApacheHttpClient.sendEvent(527) - responseCode = 200
2019-04-17 13:20:06 INFO  ApacheHttpClient.sendEvent(527) - responseCode = 200
2019-04-17 13:21:06 INFO  ApacheHttpClient.sendEvent(527) - responseCode = 200
2019-04-17 13:31:41 ERROR ApacheHttpClient.processExceptionSendEvent(108) - (super) Ошибка во время отправки ивента на сервер.
2019-04-17 13:32:35 INFO  ApacheHttpClient.sendEvent(527) - responseCode = 200
2019-04-17 13:33:31 INFO  ApacheHttpClient.sendEvent(527) - responseCode = 200
2019-04-17 13:34:31 INFO  ApacheHttpClient.sendEvent(527) - responseCode = 200
2019-04-17 13:35:31 INFO  ApacheHttpClient.sendEvent(527) - responseCode = 200
2019-04-17 13:36:31 INFO  ApacheHttpClient.sendEvent(527) - responseCode = 200
2019-04-17 13:37:31 INFO  ApacheHttpClient.sendEvent(527) - responseCode = 200
2019-04-17 13:38:31 INFO  ApacheHttpClient.sendEvent(527) - responseCode = 200
2019-04-17 13:39:31 INFO  ApacheHttpClient.sendEvent(527) - responseCode = 200
2019-04-17 13:40:32 INFO  ApacheHttpClient.sendEvent(527) - responseCode = 200
2019-04-17 13:41:32 INFO  ApacheHttpClient.sendEvent(527) - responseCode = 200
2019-04-17 13:42:31 INFO  ApacheHttpClient.sendEvent(527) - responseCode = 200
2019-04-17 13:43:32 INFO  ApacheHttpClient.sendEvent(527) - responseCode = 200
2019-04-17 13:44:32 INFO  ApacheHttpClient.sendEvent(527) - responseCode = 200
2019-04-17 13:45:32 INFO  ApacheHttpClient.sendEvent(527) - responseCode = 200
2019-04-17 13:46:32 INFO  ApacheHttpClient.sendEvent(527) - responseCode = 200
2019-04-17 13:47:32 INFO  ApacheHttpClient.sendEvent(527) - responseCode = 200
2019-04-17 13:48:32 INFO  ApacheHttpClient.sendEvent(527) - responseCode = 200
2019-04-17 13:49:32 INFO  ApacheHttpClient.sendEvent(527) - responseCode = 200
2019-04-17 13:50:32 INFO  ApacheHttpClient.sendEvent(527) - responseCode = 200
2019-04-17 13:51:32 INFO  ApacheHttpClient.sendEvent(527) - responseCode = 200
2019-04-17 13:52:33 INFO  ApacheHttpClient.sendEvent(527) - responseCode = 200
2019-04-17 13:53:32 INFO  ApacheHttpClient.sendEvent(527) - responseCode = 200
2019-04-17 13:54:32 INFO  ApacheHttpClient.sendEvent(527) - responseCode = 200
2019-04-17 13:55:32 INFO  ApacheHttpClient.sendEvent(527) - responseCode = 200
2019-04-17 13:56:31 INFO  ApacheHttpClient.sendEvent(527) - responseCode = 200
2019-04-17 13:57:32 INFO  ApacheHttpClient.sendEvent(527) - responseCode = 200
2019-04-17 13:58:32 INFO  ApacheHttpClient.sendEvent(527) - responseCode = 200
2019-04-17 13:59:32 INFO  ApacheHttpClient.sendEvent(527) - responseCode = 200
2019-04-17 14:00:32 INFO  ApacheHttpClient.sendEvent(527) - responseCode = 200
2019-04-17 14:01:32 INFO  ApacheHttpClient.sendEvent(527) - responseCode = 200
2019-04-17 14:02:32 INFO  ApacheHttpClient.sendEvent(527) - responseCode = 200
2019-04-17 14:03:32 INFO  ApacheHttpClient.sendEvent(527) - responseCode = 200
2019-04-17 14:04:32 INFO  ApacheHttpClient.sendEvent(527) - responseCode = 200
2019-04-17 14:05:32 INFO  ApacheHttpClient.sendEvent(527) - responseCode = 200
2019-04-17 14:06:32 INFO  ApacheHttpClient.sendEvent(527) - responseCode = 200
2019-04-17 14:07:32 INFO  ApacheHttpClient.sendEvent(527) - responseCode = 200
2019-04-17 14:08:32 INFO  ApacheHttpClient.sendEvent(527) - responseCode = 200
2019-04-17 14:09:32 INFO  ApacheHttpClient.sendEvent(527) - responseCode = 200
2019-04-17 16:01:41 ERROR ApacheHttpClient.processExceptionSendEvent(108) - (super) Ошибка во время отправки ивента на сервер.
2019-04-17 16:01:41 ERROR ApacheHttpClient.processExceptionSendEvent(108) - (super) Ошибка во время отправки ивента на сервер.
2019-04-17 16:01:41 ERROR ApacheHttpClient.processExceptionSendEvent(108) - (super) Ошибка во время отправки ивента на сервер.
2019-04-17 16:01:41 ERROR ApacheHttpClient.processExceptionSendEvent(108) - (super) Ошибка во время отправки ивента на сервер.
2019-04-17 16:01:41 ERROR ApacheHttpClient.processExceptionSendEvent(108) - (super) Ошибка во время отправки ивента на сервер.
2019-04-17 16:01:41 ERROR ApacheHttpClient.processExceptionSendEvent(108) - (super) Ошибка во время отправки ивента на сервер.
2019-04-17 16:01:41 ERROR ApacheHttpClient.processExceptionSendEvent(108) - (super) Ошибка во время отправки ивента на сервер.
2019-04-17 16:01:41 ERROR ApacheHttpClient.processExceptionSendEvent(108) - (super) Ошибка во время отправки ивента на сервер.
2019-04-17 16:01:41 ERROR ApacheHttpClient.processExceptionSendEvent(108) - (super) Ошибка во время отправки ивента на сервер.
2019-04-17 16:01:41 ERROR ApacheHttpClient.processExceptionSendEvent(108) - (super) Ошибка во время отправки ивента на сервер.
2019-04-17 16:01:41 ERROR ApacheHttpClient.processExceptionSendEvent(108) - (super) Ошибка во время отправки ивента на сервер.
2019-04-17 16:01:41 ERROR ApacheHttpClient.processExceptionSendEvent(108) - (super) Ошибка во время отправки ивента на сервер.
2019-04-17 16:01:41 ERROR ApacheHttpClient.processExceptionSendEvent(108) - (super) Ошибка во время отправки ивента на сервер.
2019-04-17 16:01:41 ERROR ApacheHttpClient.processExceptionSendEvent(108) - (super) Ошибка во время отправки ивента на сервер.
2019-04-17 16:01:41 ERROR ApacheHttpClient.processExceptionSendEvent(108) - (super) Ошибка во время отправки ивента на сервер.
2019-04-17 16:01:41 ERROR ApacheHttpClient.processExceptionSendEvent(108) - (super) Ошибка во время отправки ивента на сервер.
2019-04-17 16:01:41 ERROR ApacheHttpClient.processExceptionSendEvent(108) - (super) Ошибка во время отправки ивента на сервер.
2019-04-17 16:01:41 ERROR ApacheHttpClient.processExceptionSendEvent(108) - (super) Ошибка во время отправки ивента на сервер.
2019-04-17 16:01:41 ERROR ApacheHttpClient.processExceptionSendEvent(108) - (super) Ошибка во время отправки ивента на сервер.
2019-04-17 16:01:41 ERROR ApacheHttpClient.processExceptionSendEvent(108) - (super) Ошибка во время отправки ивента на сервер.
2019-04-17 16:01:41 ERROR ApacheHttpClient.processExceptionSendEvent(108) - (super) Ошибка во время отправки ивента на сервер.
2019-04-17 16:01:49 ERROR ApacheHttpClient.processExceptionSendEvent(108) - (super) Ошибка во время отправки ивента на сервер.
2019-04-17 16:02:49 ERROR ApacheHttpClient.processExceptionSendEvent(108) - (super) Ошибка во время отправки ивента на сервер.
2019-04-17 16:03:49 ERROR ApacheHttpClient.processExceptionSendEvent(108) - (super) Ошибка во время отправки ивента на сервер.
2019-04-17 16:04:49 ERROR ApacheHttpClient.processExceptionSendEvent(108) - (super) Ошибка во время отправки ивента на сервер.
2019-04-17 16:05:49 ERROR ApacheHttpClient.processExceptionSendEvent(108) - (super) Ошибка во время отправки ивента на сервер.
2019-04-17 16:06:49 ERROR ApacheHttpClient.processExceptionSendEvent(108) - (super) Ошибка во время отправки ивента на сервер.
2019-04-17 16:07:49 ERROR ApacheHttpClient.processExceptionSendEvent(108) - (super) Ошибка во время отправки ивента на сервер.
2019-04-17 16:08:49 ERROR ApacheHttpClient.processExceptionSendEvent(108) - (super) Ошибка во время отправки ивента на сервер.
2019-04-17 16:09:49 ERROR ApacheHttpClient.processExceptionSendEvent(108) - (super) Ошибка во время отправки ивента на сервер.
2019-04-17 16:10:49 ERROR ApacheHttpClient.processExceptionSendEvent(108) - (super) Ошибка во время отправки ивента на сервер.
2019-04-17 16:11:49 ERROR ApacheHttpClient.processExceptionSendEvent(108) - (super) Ошибка во время отправки ивента на сервер.
2019-04-17 16:12:49 ERROR ApacheHttpClient.processExceptionSendEvent(108) - (super) Ошибка во время отправки ивента на сервер.
2019-04-17 16:13:49 ERROR ApacheHttpClient.processExceptionSendEvent(108) - (super) Ошибка во время отправки ивента на сервер.
2019-04-17 16:14:49 ERROR ApacheHttpClient.processExceptionSendEvent(108) - (super) Ошибка во время отправки ивента на сервер.
2019-04-17 16:15:49 ERROR ApacheHttpClient.processExceptionSendEvent(108) - (super) Ошибка во время отправки ивента на сервер.
2019-04-17 16:16:49 ERROR ApacheHttpClient.processExceptionSendEvent(108) - (super) Ошибка во время отправки ивента на сервер.
2019-04-17 16:17:49 ERROR ApacheHttpClient.processExceptionSendEvent(108) - (super) Ошибка во время отправки ивента на сервер.
2019-04-17 16:18:49 ERROR ApacheHttpClient.processExceptionSendEvent(108) - (super) Ошибка во время отправки ивента на сервер.
2019-04-17 16:19:49 ERROR ApacheHttpClient.processExceptionSendEvent(108) - (super) Ошибка во время отправки ивента на сервер.
2019-04-17 16:20:49 ERROR ApacheHttpClient.processExceptionSendEvent(108) - (super) Ошибка во время отправки ивента на сервер.
2019-04-17 16:21:49 ERROR ApacheHttpClient.processExceptionSendEvent(108) - (super) Ошибка во время отправки ивента на сервер.
2019-04-17 16:22:49 ERROR ApacheHttpClient.processExceptionSendEvent(108) - (super) Ошибка во время отправки ивента на сервер.
2019-04-17 19:42:44 INFO  ApacheHttpClient.sendEvent(527) - responseCode = 200
2019-04-17 19:43:43 INFO  ApacheHttpClient.sendEvent(527) - responseCode = 200
2019-04-17 20:04:29 ERROR ApacheHttpClient.processExceptionSendEvent(108) - (super) Ошибка во время отправки ивента на сервер.
2019-04-17 20:04:29 INFO  ApacheHttpClient.sendEvent(527) - responseCode = 200
2019-04-17 20:04:29 INFO  ApacheHttpClient.sendEvent(527) - responseCode = 200
2019-04-17 20:04:29 INFO  ApacheHttpClient.sendEvent(527) - responseCode = 200
2019-04-17 20:04:29 INFO  ApacheHttpClient.sendEvent(527) - responseCode = 200
2019-04-17 20:04:30 INFO  ApacheHttpClient.sendEvent(527) - responseCode = 200
2019-04-17 20:04:30 INFO  ApacheHttpClient.sendEvent(527) - responseCode = 200
2019-04-17 20:04:30 INFO  ApacheHttpClient.sendEvent(527) - responseCode = 200
2019-04-17 20:04:30 INFO  ApacheHttpClient.sendEvent(527) - responseCode = 200
2019-04-17 20:04:30 INFO  ApacheHttpClient.sendEvent(527) - responseCode = 200
2019-04-17 20:04:30 INFO  ApacheHttpClient.sendEvent(527) - responseCode = 200
2019-04-17 20:04:30 INFO  ApacheHttpClient.sendEvent(527) - responseCode = 200
2019-04-17 20:04:30 INFO  ApacheHttpClient.sendEvent(527) - responseCode = 200
2019-04-17 20:04:30 INFO  ApacheHttpClient.sendEvent(527) - responseCode = 200
2019-04-17 20:04:30 INFO  ApacheHttpClient.sendEvent(527) - responseCode = 200
2019-04-17 20:04:30 INFO  ApacheHttpClient.sendEvent(527) - responseCode = 200
2019-04-17 20:04:30 INFO  ApacheHttpClient.sendEvent(527) - responseCode = 200
2019-04-17 20:04:30 INFO  ApacheHttpClient.sendEvent(527) - responseCode = 200
2019-04-17 20:04:30 INFO  ApacheHttpClient.sendEvent(527) - responseCode = 200
2019-04-17 20:04:30 INFO  ApacheHttpClient.sendEvent(527) - responseCode = 200
2019-04-17 20:04:43 INFO  ApacheHttpClient.sendEvent(527) - responseCode = 200
2019-04-17 20:05:43 INFO  ApacheHttpClient.sendEvent(527) - responseCode = 200
2019-04-17 20:06:43 INFO  ApacheHttpClient.sendEvent(527) - responseCode = 200
2019-04-17 20:07:43 INFO  ApacheHttpClient.sendEvent(527) - responseCode = 200
2019-04-17 20:08:43 INFO  ApacheHttpClient.sendEvent(527) - responseCode = 200
2019-04-17 20:09:43 INFO  ApacheHttpClient.sendEvent(527) - responseCode = 200
2019-04-17 20:10:43 INFO  ApacheHttpClient.sendEvent(527) - responseCode = 200
2019-04-17 20:11:43 INFO  ApacheHttpClient.sendEvent(527) - responseCode = 200
2019-04-17 20:12:43 INFO  ApacheHttpClient.sendEvent(527) - responseCode = 200
2019-04-17 20:13:43 INFO  ApacheHttpClient.sendEvent(527) - responseCode = 200
2019-04-17 20:14:43 INFO  ApacheHttpClient.sendEvent(527) - responseCode = 200
2019-04-17 20:15:43 INFO  ApacheHttpClient.sendEvent(527) - responseCode = 200
2019-04-17 20:16:43 INFO  ApacheHttpClient.sendEvent(527) - responseCode = 200
2019-04-17 20:17:43 INFO  ApacheHttpClient.sendEvent(527) - responseCode = 200
2019-04-17 20:18:43 INFO  ApacheHttpClient.sendEvent(527) - responseCode = 200
2019-04-17 20:19:43 INFO  ApacheHttpClient.sendEvent(527) - responseCode = 200
2019-04-17 20:20:43 INFO  ApacheHttpClient.sendEvent(527) - responseCode = 200
2019-04-17 20:21:43 INFO  ApacheHttpClient.sendEvent(527) - responseCode = 200
2019-04-17 20:22:43 INFO  ApacheHttpClient.sendEvent(527) - responseCode = 200
2019-04-17 20:23:43 INFO  ApacheHttpClient.sendEvent(527) - responseCode = 200
2019-04-17 20:24:43 INFO  ApacheHttpClient.sendEvent(527) - responseCode = 200
2019-04-17 20:25:43 INFO  ApacheHttpClient.sendEvent(527) - responseCode = 200
2019-04-17 20:26:43 INFO  ApacheHttpClient.sendEvent(527) - responseCode = 200
2019-04-17 20:27:43 INFO  ApacheHttpClient.sendEvent(527) - responseCode = 200
2019-04-17 20:28:43 INFO  ApacheHttpClient.sendEvent(527) - responseCode = 200
2019-04-17 20:29:43 INFO  ApacheHttpClient.sendEvent(527) - responseCode = 200
2019-04-17 20:30:43 INFO  ApacheHttpClient.sendEvent(527) - responseCode = 200
2019-04-17 20:31:43 INFO  ApacheHttpClient.sendEvent(527) - responseCode = 200
2019-04-17 20:32:43 INFO  ApacheHttpClient.sendEvent(527) - responseCode = 200
2019-04-17 20:33:43 INFO  ApacheHttpClient.sendEvent(527) - responseCode = 200
2019-04-17 20:34:43 INFO  ApacheHttpClient.sendEvent(527) - responseCode = 200
2019-04-17 20:35:43 INFO  ApacheHttpClient.sendEvent(527) - responseCode = 200
2019-04-17 20:36:43 INFO  ApacheHttpClient.sendEvent(527) - responseCode = 200
2019-04-17 20:37:43 INFO  ApacheHttpClient.sendEvent(527) - responseCode = 200
2019-04-17 20:38:43 INFO  ApacheHttpClient.sendEvent(527) - responseCode = 200
2019-04-17 20:39:43 INFO  ApacheHttpClient.sendEvent(527) - responseCode = 200
2019-04-17 20:40:43 INFO  ApacheHttpClient.sendEvent(527) - responseCode = 200
2019-04-17 20:41:43 INFO  ApacheHttpClient.sendEvent(527) - responseCode = 200
2019-04-17 20:42:43 INFO  ApacheHttpClient.sendEvent(527) - responseCode = 200
2019-04-17 20:43:43 INFO  ApacheHttpClient.sendEvent(527) - responseCode = 200
2019-04-17 20:44:43 INFO  ApacheHttpClient.sendEvent(527) - responseCode = 200
2019-04-17 20:45:43 INFO  ApacheHttpClient.sendEvent(527) - responseCode = 200
2019-04-17 20:46:43 INFO  ApacheHttpClient.sendEvent(527) - responseCode = 200
2019-04-17 20:47:43 INFO  ApacheHttpClient.sendEvent(527) - responseCode = 200
2019-04-17 20:48:44 INFO  ApacheHttpClient.sendEvent(527) - responseCode = 200
2019-04-17 20:49:43 INFO  ApacheHttpClient.sendEvent(527) - responseCode = 200
2019-04-17 20:50:43 INFO  ApacheHttpClient.sendEvent(527) - responseCode = 200
2019-04-17 20:51:43 INFO  ApacheHttpClient.sendEvent(527) - responseCode = 200
2019-04-17 20:52:43 INFO  ApacheHttpClient.sendEvent(527) - responseCode = 200
2019-04-17 20:53:43 INFO  ApacheHttpClient.sendEvent(527) - responseCode = 200
2019-04-17 20:54:43 INFO  ApacheHttpClient.sendEvent(527) - responseCode = 200
2019-04-17 20:55:43 INFO  ApacheHttpClient.sendEvent(527) - responseCode = 200
2019-04-17 20:56:43 INFO  ApacheHttpClient.sendEvent(527) - responseCode = 200
2019-04-17 20:57:43 INFO  ApacheHttpClient.sendEvent(527) - responseCode = 200
2019-04-17 20:58:43 INFO  ApacheHttpClient.sendEvent(527) - responseCode = 200
2019-04-17 20:59:43 INFO  ApacheHttpClient.sendEvent(527) - responseCode = 200
2019-04-17 21:00:43 INFO  ApacheHttpClient.sendEvent(527) - responseCode = 200
2019-04-17 21:01:43 INFO  ApacheHttpClient.sendEvent(527) - responseCode = 200
2019-04-17 21:02:43 INFO  ApacheHttpClient.sendEvent(527) - responseCode = 200
2019-04-17 21:03:43 INFO  ApacheHttpClient.sendEvent(527) - responseCode = 200
2019-04-17 21:04:43 INFO  ApacheHttpClient.sendEvent(527) - responseCode = 200
2019-04-17 21:05:43 INFO  ApacheHttpClient.sendEvent(527) - responseCode = 200
2019-04-17 21:06:43 INFO  ApacheHttpClient.sendEvent(527) - responseCode = 200
2019-04-17 21:07:43 INFO  ApacheHttpClient.sendEvent(527) - responseCode = 200
2019-04-17 21:08:43 INFO  ApacheHttpClient.sendEvent(527) - responseCode = 200
2019-04-17 21:09:43 INFO  ApacheHttpClient.sendEvent(527) - responseCode = 200
2019-04-17 21:10:43 INFO  ApacheHttpClient.sendEvent(527) - responseCode = 200
2019-04-17 21:11:43 INFO  ApacheHttpClient.sendEvent(527) - responseCode = 200
2019-04-17 21:12:43 INFO  ApacheHttpClient.sendEvent(527) - responseCode = 200
2019-04-17 21:13:43 INFO  ApacheHttpClient.sendEvent(527) - responseCode = 200
2019-04-17 21:14:43 INFO  ApacheHttpClient.sendEvent(527) - responseCode = 200
2019-04-17 21:15:43 INFO  ApacheHttpClient.sendEvent(527) - responseCode = 200
2019-04-17 21:16:43 INFO  ApacheHttpClient.sendEvent(527) - responseCode = 200
2019-04-17 21:17:43 INFO  ApacheHttpClient.sendEvent(527) - responseCode = 200
2019-04-17 21:18:43 INFO  ApacheHttpClient.sendEvent(527) - responseCode = 200
2019-04-17 21:19:43 INFO  ApacheHttpClient.sendEvent(527) - responseCode = 200
2019-04-17 21:20:43 INFO  ApacheHttpClient.sendEvent(527) - responseCode = 200
2019-04-17 21:21:43 INFO  ApacheHttpClient.sendEvent(527) - responseCode = 200
2019-04-17 21:22:43 INFO  ApacheHttpClient.sendEvent(527) - responseCode = 200
2019-04-17 21:23:43 INFO  ApacheHttpClient.sendEvent(527) - responseCode = 200
2019-04-17 21:24:43 INFO  ApacheHttpClient.sendEvent(527) - responseCode = 200
2019-04-17 21:25:43 INFO  ApacheHttpClient.sendEvent(527) - responseCode = 200
2019-04-17 21:26:43 INFO  ApacheHttpClient.sendEvent(527) - responseCode = 200
2019-04-17 21:27:43 INFO  ApacheHttpClient.sendEvent(527) - responseCode = 200
2019-04-17 21:28:43 INFO  ApacheHttpClient.sendEvent(527) - responseCode = 200
2019-04-17 21:29:43 INFO  ApacheHttpClient.sendEvent(527) - responseCode = 200
2019-04-17 21:30:43 INFO  ApacheHttpClient.sendEvent(527) - responseCode = 200
2019-04-17 21:31:43 INFO  ApacheHttpClient.sendEvent(527) - responseCode = 200
2019-04-17 21:32:43 INFO  ApacheHttpClient.sendEvent(527) - responseCode = 200
2019-04-17 21:33:43 INFO  ApacheHttpClient.sendEvent(527) - responseCode = 200
2019-04-17 21:34:43 INFO  ApacheHttpClient.sendEvent(527) - responseCode = 200
2019-04-17 21:35:43 INFO  ApacheHttpClient.sendEvent(527) - responseCode = 200
2019-04-17 21:36:43 INFO  ApacheHttpClient.sendEvent(527) - responseCode = 200
2019-04-17 21:37:43 INFO  ApacheHttpClient.sendEvent(527) - responseCode = 200
2019-04-17 21:38:43 INFO  ApacheHttpClient.sendEvent(527) - responseCode = 200
2019-04-17 21:39:43 INFO  ApacheHttpClient.sendEvent(527) - responseCode = 200
2019-04-17 21:40:43 INFO  ApacheHttpClient.sendEvent(527) - responseCode = 200
2019-04-17 21:41:43 INFO  ApacheHttpClient.sendEvent(527) - responseCode = 200
2019-04-17 21:42:43 INFO  ApacheHttpClient.sendEvent(527) - responseCode = 200
2019-04-17 21:43:43 INFO  ApacheHttpClient.sendEvent(527) - responseCode = 200
2019-04-17 21:44:43 INFO  ApacheHttpClient.sendEvent(527) - responseCode = 200
2019-04-17 21:45:43 INFO  ApacheHttpClient.sendEvent(527) - responseCode = 200
2019-04-17 21:46:43 INFO  ApacheHttpClient.sendEvent(527) - responseCode = 200
2019-04-17 21:47:43 INFO  ApacheHttpClient.sendEvent(527) - responseCode = 200
2019-04-17 21:48:43 INFO  ApacheHttpClient.sendEvent(527) - responseCode = 200
2019-04-17 21:49:43 INFO  ApacheHttpClient.sendEvent(527) - responseCode = 200
2019-04-17 21:50:43 INFO  ApacheHttpClient.sendEvent(527) - responseCode = 200
2019-04-17 21:51:43 INFO  ApacheHttpClient.sendEvent(527) - responseCode = 200
2019-04-17 21:52:43 INFO  ApacheHttpClient.sendEvent(527) - responseCode = 200
2019-04-17 21:53:43 INFO  ApacheHttpClient.sendEvent(527) - responseCode = 200
2019-04-17 21:54:43 INFO  ApacheHttpClient.sendEvent(527) - responseCode = 200
2019-04-17 21:55:43 INFO  ApacheHttpClient.sendEvent(527) - responseCode = 200
2019-04-17 21:56:43 INFO  ApacheHttpClient.sendEvent(527) - responseCode = 200
2019-04-17 21:57:43 INFO  ApacheHttpClient.sendEvent(527) - responseCode = 200
2019-04-17 21:58:43 INFO  ApacheHttpClient.sendEvent(527) - responseCode = 200
2019-04-17 21:59:43 INFO  ApacheHttpClient.sendEvent(527) - responseCode = 200
2019-04-17 22:00:43 INFO  ApacheHttpClient.sendEvent(527) - responseCode = 200
2019-04-17 22:01:43 INFO  ApacheHttpClient.sendEvent(527) - responseCode = 200
2019-04-17 22:02:43 INFO  ApacheHttpClient.sendEvent(527) - responseCode = 200
2019-04-17 22:03:43 INFO  ApacheHttpClient.sendEvent(527) - responseCode = 200
2019-04-17 22:04:43 INFO  ApacheHttpClient.sendEvent(527) - responseCode = 200
2019-04-17 22:05:43 INFO  ApacheHttpClient.sendEvent(527) - responseCode = 200
2019-04-17 22:06:43 INFO  ApacheHttpClient.sendEvent(527) - responseCode = 200
2019-04-17 22:07:43 INFO  ApacheHttpClient.sendEvent(527) - responseCode = 200
2019-04-17 22:08:43 INFO  ApacheHttpClient.sendEvent(527) - responseCode = 200
2019-04-17 22:09:43 INFO  ApacheHttpClient.sendEvent(527) - responseCode = 200
2019-04-17 22:10:43 INFO  ApacheHttpClient.sendEvent(527) - responseCode = 200
2019-04-17 22:11:43 INFO  ApacheHttpClient.sendEvent(527) - responseCode = 200
2019-04-17 22:12:43 INFO  ApacheHttpClient.sendEvent(527) - responseCode = 200
2019-04-17 22:13:43 INFO  ApacheHttpClient.sendEvent(527) - responseCode = 200
2019-04-17 22:14:43 INFO  ApacheHttpClient.sendEvent(527) - responseCode = 200
2019-04-17 22:15:43 INFO  ApacheHttpClient.sendEvent(527) - responseCode = 200
2019-04-17 22:16:43 INFO  ApacheHttpClient.sendEvent(527) - responseCode = 200
2019-04-17 22:17:43 INFO  ApacheHttpClient.sendEvent(527) - responseCode = 200
2019-04-17 22:18:43 INFO  ApacheHttpClient.sendEvent(527) - responseCode = 200
2019-04-17 22:19:43 INFO  ApacheHttpClient.sendEvent(527) - responseCode = 200
2019-04-17 22:20:43 INFO  ApacheHttpClient.sendEvent(527) - responseCode = 200
2019-04-17 22:21:43 INFO  ApacheHttpClient.sendEvent(527) - responseCode = 200
2019-04-17 22:22:43 INFO  ApacheHttpClient.sendEvent(527) - responseCode = 200
2019-04-17 22:23:43 INFO  ApacheHttpClient.sendEvent(527) - responseCode = 200
2019-04-17 22:24:43 INFO  ApacheHttpClient.sendEvent(527) - responseCode = 200
2019-04-17 22:25:43 INFO  ApacheHttpClient.sendEvent(527) - responseCode = 200
2019-04-17 22:26:43 INFO  ApacheHttpClient.sendEvent(527) - responseCode = 200
2019-04-17 22:27:43 INFO  ApacheHttpClient.sendEvent(527) - responseCode = 200
2019-04-17 22:28:43 INFO  ApacheHttpClient.sendEvent(527) - responseCode = 200
2019-04-17 22:29:43 INFO  ApacheHttpClient.sendEvent(527) - responseCode = 200
2019-04-17 22:30:43 INFO  ApacheHttpClient.sendEvent(527) - responseCode = 200
2019-04-17 22:31:43 INFO  ApacheHttpClient.sendEvent(527) - responseCode = 200
2019-04-17 22:32:43 INFO  ApacheHttpClient.sendEvent(527) - responseCode = 200
2019-04-17 22:33:43 INFO  ApacheHttpClient.sendEvent(527) - responseCode = 200
2019-04-17 22:34:43 INFO  ApacheHttpClient.sendEvent(527) - responseCode = 200
2019-04-17 22:35:43 INFO  ApacheHttpClient.sendEvent(527) - responseCode = 200
2019-04-17 22:36:43 INFO  ApacheHttpClient.sendEvent(527) - responseCode = 200
2019-04-17 22:37:43 INFO  ApacheHttpClient.sendEvent(527) - responseCode = 200
2019-04-17 22:38:43 INFO  ApacheHttpClient.sendEvent(527) - responseCode = 200
2019-04-17 22:39:43 INFO  ApacheHttpClient.sendEvent(527) - responseCode = 200
2019-04-17 22:40:43 INFO  ApacheHttpClient.sendEvent(527) - responseCode = 200
2019-04-17 22:41:43 INFO  ApacheHttpClient.sendEvent(527) - responseCode = 200
2019-04-17 22:42:43 INFO  ApacheHttpClient.sendEvent(527) - responseCode = 200
2019-04-17 22:43:43 INFO  ApacheHttpClient.sendEvent(527) - responseCode = 200
2019-04-17 22:44:43 INFO  ApacheHttpClient.sendEvent(527) - responseCode = 200
2019-04-17 22:45:43 INFO  ApacheHttpClient.sendEvent(527) - responseCode = 200
2019-04-17 22:46:43 INFO  ApacheHttpClient.sendEvent(527) - responseCode = 200
2019-04-17 22:47:43 INFO  ApacheHttpClient.sendEvent(527) - responseCode = 200
2019-04-17 22:48:43 INFO  ApacheHttpClient.sendEvent(527) - responseCode = 200
2019-04-17 22:49:43 INFO  ApacheHttpClient.sendEvent(527) - responseCode = 200
2019-04-17 22:50:43 INFO  ApacheHttpClient.sendEvent(527) - responseCode = 200
2019-04-17 22:51:43 INFO  ApacheHttpClient.sendEvent(527) - responseCode = 200
2019-04-17 22:52:43 INFO  ApacheHttpClient.sendEvent(527) - responseCode = 200
2019-04-17 22:53:43 INFO  ApacheHttpClient.sendEvent(527) - responseCode = 200
2019-04-17 22:54:43 INFO  ApacheHttpClient.sendEvent(527) - responseCode = 200
2019-04-17 22:55:43 INFO  ApacheHttpClient.sendEvent(527) - responseCode = 200
2019-04-17 22:56:43 INFO  ApacheHttpClient.sendEvent(527) - responseCode = 200
2019-04-17 22:57:43 INFO  ApacheHttpClient.sendEvent(527) - responseCode = 200
2019-04-17 22:58:43 INFO  ApacheHttpClient.sendEvent(527) - responseCode = 200
2019-04-17 22:59:43 INFO  ApacheHttpClient.sendEvent(527) - responseCode = 200
2019-04-17 23:00:43 INFO  ApacheHttpClient.sendEvent(527) - responseCode = 200
2019-04-17 23:01:43 INFO  ApacheHttpClient.sendEvent(527) - responseCode = 200
2019-04-17 23:02:43 INFO  ApacheHttpClient.sendEvent(527) - responseCode = 200
2019-04-17 23:03:43 INFO  ApacheHttpClient.sendEvent(527) - responseCode = 200
2019-04-17 23:04:43 INFO  ApacheHttpClient.sendEvent(527) - responseCode = 200
2019-04-17 23:05:43 INFO  ApacheHttpClient.sendEvent(527) - responseCode = 200
2019-04-17 23:06:43 INFO  ApacheHttpClient.sendEvent(527) - responseCode = 200
2019-04-17 23:07:43 INFO  ApacheHttpClient.sendEvent(527) - responseCode = 200
2019-04-17 23:08:43 INFO  ApacheHttpClient.sendEvent(527) - responseCode = 200
2019-04-17 23:09:43 INFO  ApacheHttpClient.sendEvent(527) - responseCode = 200
2019-04-17 23:10:43 INFO  ApacheHttpClient.sendEvent(527) - responseCode = 200
2019-04-17 23:11:43 INFO  ApacheHttpClient.sendEvent(527) - responseCode = 200
2019-04-17 23:12:43 INFO  ApacheHttpClient.sendEvent(527) - responseCode = 200
2019-04-17 23:13:43 INFO  ApacheHttpClient.sendEvent(527) - responseCode = 200
2019-04-17 23:14:43 INFO  ApacheHttpClient.sendEvent(527) - responseCode = 200
2019-04-17 23:15:43 INFO  ApacheHttpClient.sendEvent(527) - responseCode = 200
2019-04-17 23:16:43 INFO  ApacheHttpClient.sendEvent(527) - responseCode = 200
2019-04-17 23:17:43 INFO  ApacheHttpClient.sendEvent(527) - responseCode = 200
2019-04-17 23:18:43 INFO  ApacheHttpClient.sendEvent(527) - responseCode = 200
2019-04-17 23:19:43 INFO  ApacheHttpClient.sendEvent(527) - responseCode = 200
2019-04-17 23:20:43 INFO  ApacheHttpClient.sendEvent(527) - responseCode = 200
2019-04-17 23:21:43 INFO  ApacheHttpClient.sendEvent(527) - responseCode = 200
2019-04-17 23:22:43 INFO  ApacheHttpClient.sendEvent(527) - responseCode = 200
2019-04-17 23:23:43 INFO  ApacheHttpClient.sendEvent(527) - responseCode = 200
2019-04-17 23:24:43 INFO  ApacheHttpClient.sendEvent(527) - responseCode = 200
2019-04-17 23:25:43 INFO  ApacheHttpClient.sendEvent(527) - responseCode = 200
2019-04-17 23:26:43 INFO  ApacheHttpClient.sendEvent(527) - responseCode = 200
2019-04-17 23:27:43 INFO  ApacheHttpClient.sendEvent(527) - responseCode = 200
2019-04-17 23:28:43 INFO  ApacheHttpClient.sendEvent(527) - responseCode = 200
2019-04-17 23:29:43 INFO  ApacheHttpClient.sendEvent(527) - responseCode = 200
2019-04-17 23:30:43 INFO  ApacheHttpClient.sendEvent(527) - responseCode = 200
2019-04-17 23:31:43 INFO  ApacheHttpClient.sendEvent(527) - responseCode = 200
2019-04-17 23:32:43 INFO  ApacheHttpClient.sendEvent(527) - responseCode = 200
2019-04-17 23:33:43 INFO  ApacheHttpClient.sendEvent(527) - responseCode = 200
2019-04-17 23:34:43 INFO  ApacheHttpClient.sendEvent(527) - responseCode = 200
2019-04-17 23:35:43 INFO  ApacheHttpClient.sendEvent(527) - responseCode = 200
2019-04-17 23:36:43 INFO  ApacheHttpClient.sendEvent(527) - responseCode = 200
2019-04-17 23:37:43 INFO  ApacheHttpClient.sendEvent(527) - responseCode = 200
2019-04-17 23:38:43 INFO  ApacheHttpClient.sendEvent(527) - responseCode = 200
2019-04-17 23:39:43 INFO  ApacheHttpClient.sendEvent(527) - responseCode = 200
2019-04-17 23:40:43 INFO  ApacheHttpClient.sendEvent(527) - responseCode = 200
2019-04-17 23:41:43 INFO  ApacheHttpClient.sendEvent(527) - responseCode = 200
2019-04-17 23:42:43 INFO  ApacheHttpClient.sendEvent(527) - responseCode = 200
2019-04-17 23:43:43 INFO  ApacheHttpClient.sendEvent(527) - responseCode = 200
2019-04-17 23:44:43 INFO  ApacheHttpClient.sendEvent(527) - responseCode = 200
2019-04-17 23:45:43 INFO  ApacheHttpClient.sendEvent(527) - responseCode = 200
2019-04-17 23:46:43 INFO  ApacheHttpClient.sendEvent(527) - responseCode = 200
2019-04-17 23:47:43 INFO  ApacheHttpClient.sendEvent(527) - responseCode = 200
2019-04-17 23:48:43 INFO  ApacheHttpClient.sendEvent(527) - responseCode = 200
2019-04-17 23:49:43 INFO  ApacheHttpClient.sendEvent(527) - responseCode = 200
2019-04-17 23:50:43 INFO  ApacheHttpClient.sendEvent(527) - responseCode = 200
2019-04-17 23:51:43 INFO  ApacheHttpClient.sendEvent(527) - responseCode = 200
2019-04-17 23:52:43 INFO  ApacheHttpClient.sendEvent(527) - responseCode = 200
2019-04-17 23:53:43 INFO  ApacheHttpClient.sendEvent(527) - responseCode = 200
2019-04-17 23:54:43 INFO  ApacheHttpClient.sendEvent(527) - responseCode = 200
2019-04-17 23:55:43 INFO  ApacheHttpClient.sendEvent(527) - responseCode = 200
2019-04-17 23:56:43 INFO  ApacheHttpClient.sendEvent(527) - responseCode = 200
2019-04-17 23:57:43 INFO  ApacheHttpClient.sendEvent(527) - responseCode = 200
2019-04-17 23:58:43 INFO  ApacheHttpClient.sendEvent(527) - responseCode = 200
2019-04-17 23:59:43 INFO  ApacheHttpClient.sendEvent(527) - responseCode = 200
2019-04-18 00:00:43 INFO  ApacheHttpClient.sendEvent(527) - responseCode = 200
2019-04-18 00:01:43 INFO  ApacheHttpClient.sendEvent(527) - responseCode = 200
2019-04-18 00:02:43 INFO  ApacheHttpClient.sendEvent(527) - responseCode = 200
2019-04-18 00:03:43 INFO  ApacheHttpClient.sendEvent(527) - responseCode = 200
2019-04-18 00:04:43 INFO  ApacheHttpClient.sendEvent(527) - responseCode = 200
2019-04-18 00:05:43 INFO  ApacheHttpClient.sendEvent(527) - responseCode = 200
2019-04-18 00:06:43 INFO  ApacheHttpClient.sendEvent(527) - responseCode = 200
2019-04-18 00:07:43 INFO  ApacheHttpClient.sendEvent(527) - responseCode = 200
2019-04-18 00:08:43 INFO  ApacheHttpClient.sendEvent(527) - responseCode = 200
2019-04-18 00:09:43 INFO  ApacheHttpClient.sendEvent(527) - responseCode = 200
2019-04-18 00:10:43 INFO  ApacheHttpClient.sendEvent(527) - responseCode = 200
2019-04-18 00:11:43 INFO  ApacheHttpClient.sendEvent(527) - responseCode = 200
2019-04-18 00:12:43 INFO  ApacheHttpClient.sendEvent(527) - responseCode = 200
2019-04-18 00:13:43 INFO  ApacheHttpClient.sendEvent(527) - responseCode = 200
2019-04-18 00:14:43 INFO  ApacheHttpClient.sendEvent(527) - responseCode = 200
2019-04-18 00:15:43 INFO  ApacheHttpClient.sendEvent(527) - responseCode = 200
2019-04-18 00:16:43 INFO  ApacheHttpClient.sendEvent(527) - responseCode = 200
2019-04-18 00:17:44 INFO  ApacheHttpClient.sendEvent(527) - responseCode = 200
2019-04-18 00:18:43 INFO  ApacheHttpClient.sendEvent(527) - responseCode = 200
2019-04-18 00:19:43 INFO  ApacheHttpClient.sendEvent(527) - responseCode = 200
2019-04-18 00:20:43 INFO  ApacheHttpClient.sendEvent(527) - responseCode = 200
2019-04-18 00:21:43 INFO  ApacheHttpClient.sendEvent(527) - responseCode = 200
2019-04-18 00:22:43 INFO  ApacheHttpClient.sendEvent(527) - responseCode = 200
2019-04-18 00:23:43 INFO  ApacheHttpClient.sendEvent(527) - responseCode = 200
2019-04-18 00:24:43 INFO  ApacheHttpClient.sendEvent(527) - responseCode = 200
2019-04-18 00:25:43 INFO  ApacheHttpClient.sendEvent(527) - responseCode = 200
2019-04-18 00:26:43 INFO  ApacheHttpClient.sendEvent(527) - responseCode = 200
2019-04-18 00:27:43 INFO  ApacheHttpClient.sendEvent(527) - responseCode = 200
2019-04-18 00:28:43 INFO  ApacheHttpClient.sendEvent(527) - responseCode = 200
2019-04-18 00:29:43 INFO  ApacheHttpClient.sendEvent(527) - responseCode = 200
2019-04-18 00:30:43 INFO  ApacheHttpClient.sendEvent(527) - responseCode = 200
2019-04-18 00:31:43 INFO  ApacheHttpClient.sendEvent(527) - responseCode = 200
2019-04-18 00:32:43 INFO  ApacheHttpClient.sendEvent(527) - responseCode = 200
2019-04-18 00:33:43 INFO  ApacheHttpClient.sendEvent(527) - responseCode = 200
2019-04-18 00:34:43 INFO  ApacheHttpClient.sendEvent(527) - responseCode = 200
2019-04-18 00:35:43 INFO  ApacheHttpClient.sendEvent(527) - responseCode = 200
2019-04-18 00:36:43 INFO  ApacheHttpClient.sendEvent(527) - responseCode = 200
2019-04-18 00:37:43 INFO  ApacheHttpClient.sendEvent(527) - responseCode = 200
2019-04-18 00:38:43 INFO  ApacheHttpClient.sendEvent(527) - responseCode = 200
2019-04-18 00:39:43 INFO  ApacheHttpClient.sendEvent(527) - responseCode = 200
2019-04-18 00:40:43 INFO  ApacheHttpClient.sendEvent(527) - responseCode = 200
2019-04-18 00:41:43 INFO  ApacheHttpClient.sendEvent(527) - responseCode = 200
2019-04-18 00:42:43 INFO  ApacheHttpClient.sendEvent(527) - responseCode = 200
2019-04-18 00:43:43 INFO  ApacheHttpClient.sendEvent(527) - responseCode = 200
2019-04-18 00:44:43 INFO  ApacheHttpClient.sendEvent(527) - responseCode = 200
2019-04-18 00:45:43 INFO  ApacheHttpClient.sendEvent(527) - responseCode = 200
2019-04-18 00:46:43 INFO  ApacheHttpClient.sendEvent(527) - responseCode = 200
2019-04-18 00:47:43 INFO  ApacheHttpClient.sendEvent(527) - responseCode = 200
2019-04-18 00:48:43 INFO  ApacheHttpClient.sendEvent(527) - responseCode = 200
2019-04-18 00:49:43 INFO  ApacheHttpClient.sendEvent(527) - responseCode = 200
2019-04-18 00:50:43 INFO  ApacheHttpClient.sendEvent(527) - responseCode = 200
2019-04-18 00:51:43 INFO  ApacheHttpClient.sendEvent(527) - responseCode = 200
2019-04-18 00:52:43 INFO  ApacheHttpClient.sendEvent(527) - responseCode = 200
2019-04-18 00:53:43 INFO  ApacheHttpClient.sendEvent(527) - responseCode = 200
2019-04-18 00:54:43 INFO  ApacheHttpClient.sendEvent(527) - responseCode = 200
2019-04-18 00:55:43 INFO  ApacheHttpClient.sendEvent(527) - responseCode = 200
2019-04-18 00:56:43 INFO  ApacheHttpClient.sendEvent(527) - responseCode = 200
2019-04-18 00:57:43 INFO  ApacheHttpClient.sendEvent(527) - responseCode = 200
2019-04-18 00:58:43 INFO  ApacheHttpClient.sendEvent(527) - responseCode = 200
2019-04-18 00:59:43 INFO  ApacheHttpClient.sendEvent(527) - responseCode = 200
2019-04-18 01:00:43 INFO  ApacheHttpClient.sendEvent(527) - responseCode = 200
2019-04-18 01:01:43 INFO  ApacheHttpClient.sendEvent(527) - responseCode = 200
2019-04-18 01:02:43 INFO  ApacheHttpClient.sendEvent(527) - responseCode = 200
2019-04-18 01:03:43 INFO  ApacheHttpClient.sendEvent(527) - responseCode = 200
2019-04-18 01:04:43 INFO  ApacheHttpClient.sendEvent(527) - responseCode = 200
2019-04-18 01:05:43 INFO  ApacheHttpClient.sendEvent(527) - responseCode = 200
2019-04-18 01:06:43 INFO  ApacheHttpClient.sendEvent(527) - responseCode = 200
2019-04-18 01:07:43 INFO  ApacheHttpClient.sendEvent(527) - responseCode = 200
2019-04-18 01:08:43 INFO  ApacheHttpClient.sendEvent(527) - responseCode = 200
2019-04-18 01:09:43 INFO  ApacheHttpClient.sendEvent(527) - responseCode = 200
2019-04-18 01:10:43 INFO  ApacheHttpClient.sendEvent(527) - responseCode = 200
2019-04-18 01:11:43 INFO  ApacheHttpClient.sendEvent(527) - responseCode = 200
2019-04-18 01:12:43 INFO  ApacheHttpClient.sendEvent(527) - responseCode = 200
2019-04-18 01:13:43 INFO  ApacheHttpClient.sendEvent(527) - responseCode = 200
2019-04-18 01:14:43 INFO  ApacheHttpClient.sendEvent(527) - responseCode = 200
2019-04-18 01:15:43 INFO  ApacheHttpClient.sendEvent(527) - responseCode = 200
2019-04-18 01:16:43 INFO  ApacheHttpClient.sendEvent(527) - responseCode = 200
2019-04-18 01:17:43 INFO  ApacheHttpClient.sendEvent(527) - responseCode = 200
2019-04-18 01:18:43 INFO  ApacheHttpClient.sendEvent(527) - responseCode = 200
2019-04-18 01:19:43 INFO  ApacheHttpClient.sendEvent(527) - responseCode = 200
2019-04-18 01:20:43 INFO  ApacheHttpClient.sendEvent(527) - responseCode = 200
2019-04-18 01:21:43 INFO  ApacheHttpClient.sendEvent(527) - responseCode = 200
2019-04-18 01:22:43 INFO  ApacheHttpClient.sendEvent(527) - responseCode = 200
2019-04-18 01:23:43 INFO  ApacheHttpClient.sendEvent(527) - responseCode = 200
2019-04-18 01:24:43 INFO  ApacheHttpClient.sendEvent(527) - responseCode = 200
2019-04-18 01:25:43 INFO  ApacheHttpClient.sendEvent(527) - responseCode = 200
2019-04-18 01:26:43 INFO  ApacheHttpClient.sendEvent(527) - responseCode = 200
2019-04-18 01:27:43 INFO  ApacheHttpClient.sendEvent(527) - responseCode = 200
2019-04-18 01:28:43 INFO  ApacheHttpClient.sendEvent(527) - responseCode = 200
2019-04-18 01:29:43 INFO  ApacheHttpClient.sendEvent(527) - responseCode = 200
2019-04-18 11:30:41 ERROR ApacheHttpClient.processExceptionSendEvent(108) - (super) Ошибка во время отправки ивента на сервер.
2019-04-18 21:24:09 INFO  ApacheHttpClient.sendEvent(527) - responseCode = 200
2019-04-18 21:25:01 INFO  ApacheHttpClient.sendEvent(527) - responseCode = 200
2019-04-18 21:26:01 INFO  ApacheHttpClient.sendEvent(527) - responseCode = 200
2019-04-18 21:27:01 INFO  ApacheHttpClient.sendEvent(527) - responseCode = 200
2019-04-18 21:28:01 INFO  ApacheHttpClient.sendEvent(527) - responseCode = 200
2019-04-18 21:29:01 INFO  ApacheHttpClient.sendEvent(527) - responseCode = 200
2019-04-18 21:30:01 INFO  ApacheHttpClient.sendEvent(527) - responseCode = 200
2019-04-18 21:31:01 INFO  ApacheHttpClient.sendEvent(527) - responseCode = 200
2019-04-18 21:32:01 INFO  ApacheHttpClient.sendEvent(527) - responseCode = 200
2019-04-18 21:33:01 INFO  ApacheHttpClient.sendEvent(527) - responseCode = 200
2019-04-18 21:34:01 INFO  ApacheHttpClient.sendEvent(527) - responseCode = 200
2019-04-18 21:35:01 INFO  ApacheHttpClient.sendEvent(527) - responseCode = 200
2019-04-18 21:36:01 INFO  ApacheHttpClient.sendEvent(527) - responseCode = 200
2019-04-18 21:37:01 INFO  ApacheHttpClient.sendEvent(527) - responseCode = 200
2019-04-18 21:38:01 INFO  ApacheHttpClient.sendEvent(527) - responseCode = 200
2019-04-18 21:39:01 INFO  ApacheHttpClient.sendEvent(527) - responseCode = 200
2019-04-18 21:40:01 INFO  ApacheHttpClient.sendEvent(527) - responseCode = 200
2019-04-18 21:41:01 INFO  ApacheHttpClient.sendEvent(527) - responseCode = 200
2019-04-18 21:42:01 INFO  ApacheHttpClient.sendEvent(527) - responseCode = 200
2019-04-18 21:43:01 INFO  ApacheHttpClient.sendEvent(527) - responseCode = 200
2019-04-18 21:44:01 INFO  ApacheHttpClient.sendEvent(527) - responseCode = 200
2019-04-18 21:45:01 INFO  ApacheHttpClient.sendEvent(527) - responseCode = 200
2019-04-18 21:46:01 INFO  ApacheHttpClient.sendEvent(527) - responseCode = 200
2019-04-18 21:47:01 INFO  ApacheHttpClient.sendEvent(527) - responseCode = 200
2019-04-18 21:48:01 INFO  ApacheHttpClient.sendEvent(527) - responseCode = 200
2019-04-18 21:49:01 INFO  ApacheHttpClient.sendEvent(527) - responseCode = 200
2019-04-18 21:50:01 INFO  ApacheHttpClient.sendEvent(527) - responseCode = 200
2019-04-18 21:51:01 INFO  ApacheHttpClient.sendEvent(527) - responseCode = 200
2019-04-18 21:52:01 INFO  ApacheHttpClient.sendEvent(527) - responseCode = 200
2019-04-18 21:53:01 INFO  ApacheHttpClient.sendEvent(527) - responseCode = 200
2019-04-18 21:54:01 INFO  ApacheHttpClient.sendEvent(527) - responseCode = 200
2019-04-18 21:55:01 INFO  ApacheHttpClient.sendEvent(527) - responseCode = 200
2019-04-18 21:56:01 INFO  ApacheHttpClient.sendEvent(527) - responseCode = 200
2019-04-18 21:57:01 INFO  ApacheHttpClient.sendEvent(527) - responseCode = 200
2019-04-18 21:58:01 INFO  ApacheHttpClient.sendEvent(527) - responseCode = 200
2019-04-18 21:59:01 INFO  ApacheHttpClient.sendEvent(527) - responseCode = 200
2019-04-18 22:00:01 INFO  ApacheHttpClient.sendEvent(527) - responseCode = 200
2019-04-18 22:01:01 INFO  ApacheHttpClient.sendEvent(527) - responseCode = 200
2019-04-18 22:02:01 INFO  ApacheHttpClient.sendEvent(527) - responseCode = 200
2019-04-18 22:03:01 INFO  ApacheHttpClient.sendEvent(527) - responseCode = 200
2019-04-18 22:04:01 INFO  ApacheHttpClient.sendEvent(527) - responseCode = 200
2019-04-18 22:05:01 INFO  ApacheHttpClient.sendEvent(527) - responseCode = 200
2019-04-18 22:06:01 INFO  ApacheHttpClient.sendEvent(527) - responseCode = 200
2019-04-18 22:07:01 INFO  ApacheHttpClient.sendEvent(527) - responseCode = 200
2019-04-18 22:08:01 INFO  ApacheHttpClient.sendEvent(527) - responseCode = 200
2019-04-18 22:09:01 INFO  ApacheHttpClient.sendEvent(527) - responseCode = 200
2019-04-18 22:10:01 INFO  ApacheHttpClient.sendEvent(527) - responseCode = 200
2019-04-18 22:11:01 INFO  ApacheHttpClient.sendEvent(527) - responseCode = 200
2019-04-18 22:12:01 INFO  ApacheHttpClient.sendEvent(527) - responseCode = 200
2019-04-18 22:13:01 INFO  ApacheHttpClient.sendEvent(527) - responseCode = 200
2019-04-18 22:14:01 INFO  ApacheHttpClient.sendEvent(527) - responseCode = 200
2019-04-18 22:15:01 INFO  ApacheHttpClient.sendEvent(527) - responseCode = 200
2019-04-18 22:16:01 INFO  ApacheHttpClient.sendEvent(527) - responseCode = 200
2019-04-18 22:17:01 INFO  ApacheHttpClient.sendEvent(527) - responseCode = 200
2019-04-18 22:18:01 INFO  ApacheHttpClient.sendEvent(527) - responseCode = 200
2019-04-18 22:19:01 INFO  ApacheHttpClient.sendEvent(527) - responseCode = 200
2019-04-18 22:20:01 INFO  ApacheHttpClient.sendEvent(527) - responseCode = 200
2019-04-18 22:21:01 INFO  ApacheHttpClient.sendEvent(527) - responseCode = 200
2019-04-18 22:22:01 INFO  ApacheHttpClient.sendEvent(527) - responseCode = 200
2019-04-18 22:23:01 INFO  ApacheHttpClient.sendEvent(527) - responseCode = 200
2019-04-18 22:24:01 INFO  ApacheHttpClient.sendEvent(527) - responseCode = 200
2019-04-18 22:25:01 INFO  ApacheHttpClient.sendEvent(527) - responseCode = 200
2019-04-18 22:25:13 INFO  ApacheHttpClient.getWebResourceAsStream(494) - responseCode = 200
2019-04-18 22:25:25 INFO  ApacheHttpClient.getWebResourceAsStream(494) - responseCode = 200
2019-04-18 22:25:30 INFO  JavaRushTasksProjectComponent.projectClosing(186) - ---------- Project JavaRushTasks closed ----------

2019-04-18 22:25:30 INFO  ApacheHttpClient.getTask(479) - responseCode = 200
2019-04-18 22:25:30 INFO  ApacheHttpClient.getTask(479) - responseCode = 200
2019-04-18 22:25:30 INFO  ApacheHttpClient.getTask(479) - responseCode = 200
2019-04-18 22:25:30 INFO  ApacheHttpClient.getTask(479) - responseCode = 200
2019-04-18 22:25:47 INFO  PluginTasksProjectComponent.projectOpened(77) - ---------- Project opened ----------
2019-04-18 22:25:47 INFO  PluginTasksProjectComponent.projectOpened(78) - ---------- Version 3.30 ----------

2019-04-18 22:25:47 INFO  PluginTasksProjectComponent.setAutoscrolls(366) - Autoscrolls successfully set
2019-04-18 22:25:48 INFO  ApacheHttpClient.createAsyncHttpClient(135) - 1 proxies selected. Type: DIRECT
2019-04-18 22:25:48 INFO  ApacheHttpClient.<init>(93) - ApacheHttpClient was successfully instantiated.
2019-04-18 22:25:49 INFO  ApacheHttpClient.testConnection(193) - responseCode = 200
2019-04-18 22:25:49 INFO  ApacheHttpClient.testConnection(208) - result = true
2019-04-18 22:25:49 INFO  ApacheHttpClient.isSessionAppropriateWithSecretKey(585) - Waiting for server response.
2019-04-18 22:25:49 INFO  ApacheHttpClient.refreshUserInfo(293) - responseCode = 200
2019-04-18 22:25:50 INFO  ApacheHttpClient.refreshUserInfo(299) - User information received.
2019-04-18 22:25:50 INFO  ApacheHttpClient.startGA(35) - GAService started.
2019-04-18 22:25:50 INFO  AbstractRestApiClient.startService(71) - EventsService started.
2019-04-18 22:25:54 INFO  ApacheHttpClient.testConnection(193) - responseCode = 200
2019-04-18 22:25:54 INFO  ApacheHttpClient.testConnection(208) - result = true
2019-04-18 22:25:56 INFO  ApacheHttpClient.testConnection(193) - responseCode = 200
2019-04-18 22:25:56 INFO  ApacheHttpClient.testConnection(208) - result = true
2019-04-18 22:25:57 INFO  ApacheHttpClient.getWebResourceAsStream(485) - responseCode = 200
2019-04-18 22:26:08 INFO  ApacheHttpClient.testConnection(193) - responseCode = 200
2019-04-18 22:26:08 INFO  ApacheHttpClient.testConnection(208) - result = true
2019-04-18 22:26:10 INFO  ApacheHttpClient.testConnection(193) - responseCode = 200
2019-04-18 22:26:10 INFO  ApacheHttpClient.testConnection(208) - result = true
2019-04-18 22:26:39 INFO  ApacheHttpClient.getWebResourceAsStream(485) - responseCode = 200
2019-04-18 22:26:41 INFO  ApacheHttpClient.getFilteredTasks(324) - responseCode = 200
2019-04-18 22:26:47 INFO  ApacheHttpClient.getFilteredTasks(324) - responseCode = 200
2019-04-18 22:26:50 INFO  ApacheHttpClient.sendEvent(518) - responseCode = 200
2019-04-18 22:26:57 INFO  ApacheHttpClient.getFilteredTasks(324) - responseCode = 200
2019-04-18 22:27:01 INFO  ApacheHttpClient.getTaskTemplateInfo(341) - responseCode = 200
2019-04-18 22:27:03 INFO  ApacheHttpClient.testConnection(193) - responseCode = 200
2019-04-18 22:27:03 INFO  ApacheHttpClient.testConnection(208) - result = true
2019-04-18 22:27:05 INFO  ApacheHttpClient.testConnection(193) - responseCode = 200
2019-04-18 22:27:05 INFO  ApacheHttpClient.testConnection(208) - result = true
2019-04-18 22:27:05 INFO  ApacheHttpClient.getWebResourceAsStream(485) - responseCode = 200
2019-04-18 22:27:50 INFO  ApacheHttpClient.sendEvent(518) - responseCode = 200
2019-04-18 22:28:50 INFO  ApacheHttpClient.sendEvent(518) - responseCode = 200
2019-04-18 22:29:50 INFO  ApacheHttpClient.sendEvent(518) - responseCode = 200
2019-04-18 22:30:50 INFO  ApacheHttpClient.sendEvent(518) - responseCode = 200
2019-04-18 22:31:50 INFO  ApacheHttpClient.sendEvent(518) - responseCode = 200
2019-04-18 22:32:50 INFO  ApacheHttpClient.sendEvent(518) - responseCode = 200
2019-04-18 22:33:50 INFO  ApacheHttpClient.sendEvent(518) - responseCode = 200
2019-04-18 22:34:50 INFO  ApacheHttpClient.sendEvent(518) - responseCode = 200
2019-04-18 22:35:50 INFO  ApacheHttpClient.sendEvent(518) - responseCode = 200
2019-04-18 22:36:50 INFO  ApacheHttpClient.sendEvent(518) - responseCode = 200
2019-04-18 22:37:50 INFO  ApacheHttpClient.sendEvent(518) - responseCode = 200
2019-04-18 22:38:50 INFO  ApacheHttpClient.sendEvent(518) - responseCode = 200
2019-04-18 22:39:50 INFO  ApacheHttpClient.sendEvent(518) - responseCode = 200
2019-04-18 22:40:50 INFO  ApacheHttpClient.sendEvent(518) - responseCode = 200
2019-04-18 22:41:50 INFO  ApacheHttpClient.sendEvent(518) - responseCode = 200
2019-04-18 22:42:50 INFO  ApacheHttpClient.sendEvent(518) - responseCode = 200
2019-04-18 22:43:50 INFO  ApacheHttpClient.sendEvent(518) - responseCode = 200
2019-04-18 22:44:12 INFO  ApacheHttpClient.getWebResourceAsStream(485) - responseCode = 200
2019-04-18 22:44:12 INFO  ApacheHttpClient.getTask(471) - responseCode = 200
2019-04-18 22:44:12 INFO  ApacheHttpClient.getWebResourceAsStream(485) - responseCode = 200
2019-04-18 22:44:14 INFO  ApacheHttpClient.completed(28) - responseCode = 200
2019-04-18 22:44:14 INFO  ApacheHttpClient.getTask(471) - responseCode = 200
2019-04-18 22:44:50 INFO  ApacheHttpClient.sendEvent(518) - responseCode = 200
2019-04-18 22:45:50 INFO  ApacheHttpClient.sendEvent(518) - responseCode = 200
